				;
				;	Disassembled by:
				;		DASMx object code disassembler
				;		(c) Copyright 1996-1999   Conquest Consultants
				;		Version 1.30 (Oct  6 1999)
				;
				;	File:		F0F8.bin
				;
				;	Size:		4096 bytes
				;	Checksum:	EF2F
				;	CRC-32:		4CC0303C
				;
				;	Date:		Sat Apr 08 15:12:07 2023
				;
				;	CPU:		Intel 8080 (MCS-80/85 family)
				;
				;
				;
					org	0F000H
				;
F000				doDump:
F000 : C7 		" "		rst	0
F001 : E7 		" "		rst	4
F002 : CF 		" "		rst	1
F003 : 9F 		" "		sbb	a
F004 : F0 		" "		rp
F005 : CF 		" "		rst	1
F006 : 48 		"H"		mov	c,b
F007 : F1 		" "		pop	psw
F008 : D0 		" "		rnc
F009 : 0C 		" "		inr	c
F00A : F0 		" "		rp
F00B : 01 80 00 	"   "		lxi	b,00080H
				;
F00E : 28 		"("		db	028H
F00F : 10 		" "		db	010H
				;
F010 : C8 		" "		rz
F011 : 09 		" "		dad	b
				;
F012 : 20 		" "		db	020H
F013 : 10 		" "		db	010H
				;
F014 : C8 		" "		rz
F015 : C1 		" "		pop	b
F016 : 1F 		" "		rar
F017 : F0 		" "		rp
F018 : C7 		" "		rst	0
F019 : E7 		" "		rst	4
				;
F01A : 28 		"("		db	028H
F01B : 10 		" "		db	010H
				;
F01C : C8 		" "		rz
F01D : 44 		"D"		mov	b,h
F01E : 4F 		"O"		mov	c,a
				;
F01F : 28 		"("		db	028H
F020 : 10 		" "		db	010H
				;
F021 : C8 		" "		rz
F022 : CF 		" "		rst	1
F023 : C8 		" "		rz
F024 : F0 		" "		rp
F025 : 3E 38 		">8"		mvi	a,038H
F027 : CF 		" "		rst	1
F028 : F0 		" "		rp
F029 : C7 		" "		rst	0
F02A : CF 		" "		rst	1
F02B : 76 		"v"		hlt
F02C : F9 		" "		sphl
F02D : CF 		" "		rst	1
F02E : 76 		"v"		hlt
F02F : F9 		" "		sphl
F030 : E7 		" "		rst	4
F031 : 7E 		"~"		mov	a,m
F032 : CF 		" "		rst	1
F033 : D1 		" "		pop	d
F034 : F0 		" "		rp
F035 : CF 		" "		rst	1
F036 : 76 		"v"		hlt
F037 : F9 		" "		sphl
F038 : CF 		" "		rst	1
F039 : 64 		"d"		mov	h,h
F03A : F0 		" "		rp
F03B : C0 		" "		rnz
F03C : 31 F0 E1 	"1  "		lxi	sp,0E1F0H
F03F : CF 		" "		rst	1
F040 : 76 		"v"		hlt
F041 : F9 		" "		sphl
F042 : CF 		" "		rst	1
F043 : 76 		"v"		hlt
F044 : F9 		" "		sphl
F045 : 7E 		"~"		mov	a,m
F046 : E4 7F FE 	"   "		cpo	LFE7F
				;
F049 : 20 		" "		db	020H
				;
F04A : F0 		" "		rp
F04B : 4F 		"O"		mov	c,a
F04C : F0 		" "		rp
F04D : 3E 2E 		">."		mvi	a,02EH
F04F : CF 		" "		rst	1
F050 : F0 		" "		rp
F051 : C7 		" "		rst	0
F052 : CF 		" "		rst	1
F053 : 66 		"f"		mov	h,m
F054 : F0 		" "		rp
F055 : C0 		" "		rnz
F056 : 47 		"G"		mov	b,a
F057 : F0 		" "		rp
F058 : F7 		" "		rst	6
				;
F059 : 20 		" "		db	020H
F05A : 10 		" "		db	010H
				;
F05B : C8 		" "		rz
F05C : CF 		" "		rst	1
F05D : B9 		" "		cmp	c
F05E : F8 		" "		rm
F05F : F1 		" "		pop	psw
F060 : D0 		" "		rnc
				;
F061 : 20 		" "		db	020H
				;
F062 : F0 		" "		rp
F063 : E1 		" "		pop	h
F064 : C1 		" "		pop	b
F065 : C9 		" "		ret
				;
F066 : 21 7F B9 	"!  "		lxi	h,0B97FH
F069 : C0 		" "		rnz
F06A : 74 		"t"		mov	m,h
F06B : F0 		" "		rp
F06C : 7C 		"|"		mov	a,h
F06D : B8 		" "		cmp	b
F06E : C0 		" "		rnz
F06F : 74 		"t"		mov	m,h
F070 : F0 		" "		rp
F071 : AF 		" "		xra	a
F072 : 37 		"7"		stc
F073 : C9 		" "		ret
				;
F074 : 7F 		" "		mov	a,a
F075 : E6 07 		"  "		ani	007H
F077 : C9 		" "		ret
				;
F078 : 28 		"("		db	028H
F079 : 10 		" "		db	010H
				;
F07A : C8 		" "		rz
F07B : 21 20 10 	"!  "		lxi	h,01020H
F07E : C8 		" "		rz
F07F : C1 		" "		pop	b
				;
F080 : 18 		" "		db	018H
				;
F081 : F0 		" "		rp
F082				doList:
F082 : CF 		" "		rst	1
F083 : 9F 		" "		sbb	a
F084 : F0 		" "		rp
F085 : CF 		" "		rst	1
F086 : 48 		"H"		mov	c,b
F087 : F1 		" "		pop	psw
F088 : D0 		" "		rnc
F089 : 8F 		" "		adc	a
F08A : F0 		" "		rp
F08B : 0E 17 		"  "		mvi	c,017H
F08D : 79 		"y"		mov	a,c
F08E : C1 		" "		pop	b
F08F : F8 		" "		rm
F090 : F1 		" "		pop	psw
F091 : AF 		" "		xra	a
				;
F092 : 30 		"0"		db	030H
				;
F093 : 1B 		" "		dcx	d
F094 : C8 		" "		rz
F095 : 21 01 C9 	"!  "		lxi	h,0C901H
				;
F098 : 20 		" "		db	020H
				;
F099 : 14 		" "		inr	d
F09A : C8 		" "		rz
F09B : CF 		" "		rst	1
F09C : 48 		"H"		mov	c,b
F09D : F1 		" "		pop	psw
F09E : D8 		" "		rc
F09F : AE 		" "		xra	m
F0A0 : F0 		" "		rp
F0A1 : 79 		"y"		mov	a,c
				;
F0A2 : 30 		"0"		db	030H
				;
F0A3 : 0E C8 		"  "		mvi	c,0C8H
F0A5 : 78 		"x"		mov	a,b
				;
F0A6 : 30 		"0"		db	030H
				;
F0A7 : 0F 		" "		rrc
F0A8 : C8 		" "		rz
F0A9 : 3E FF 		"> "		mvi	a,0FFH
				;
F0AB : 30 		"0"		db	030H
				;
F0AC : 19 		" "		dad	d
F0AD : C8 		" "		rz
F0AE : 7E 		"~"		mov	a,m
F0AF : FE 21 		" !"		cpi	021H
F0B1 : C8 		" "		rz
F0B2 : BF 		" "		cmp	a
F0B3 : F1 		" "		pop	psw
F0B4 : E6 5F 		" _"		ani	05FH
F0B6 : FE 58 		" X"		cpi	058H
F0B8 : C8 		" "		rz
F0B9 : A0 		" "		ana	b
F0BA : F9 		" "		sphl
F0BB : FE 58 		" X"		cpi	058H
F0BD : C8 		" "		rz
F0BE : B9 		" "		cmp	c
F0BF : F7 		" "		rst	6
F0C0 : FE 4E 		" N"		cpi	04EH
F0C2 : C8 		" "		rz
F0C3 : B6 		" "		ora	m
F0C4 : F7 		" "		rst	6
F0C5 : FE 49 		" I"		cpi	049H
F0C7 : C8 		" "		rz
F0C8 : FB 		" "		ei
F0C9 : F1 		" "		pop	psw
F0CA : FE 4F 		" O"		cpi	04FH
F0CC : C8 		" "		rz
F0CD : 26 F0 		"& "		mvi	h,0F0H
F0CF : FE 57 		" W"		cpi	057H
F0D1 : C8 		" "		rz
F0D2 : 76 		"v"		hlt
F0D3 : F1 		" "		pop	psw
F0D4 : FE 50 		" P"		cpi	050H
F0D6 : C8 		" "		rz
F0D7 : 96 		" "		sub	m
F0D8 : F1 		" "		pop	psw
F0D9 : FE 53 		" S"		cpi	053H
F0DB : C8 		" "		rz
F0DC : 98 		" "		sbb	b
F0DD : F1 		" "		pop	psw
F0DE : FE 51 		" Q"		cpi	051H
F0E0 : C8 		" "		rz
F0E1 : 29 		")"		dad	h
F0E2 : C8 		" "		rz
F0E3 : F7 		" "		rst	6
				;
F0E4 : 38 		"8"		db	038H
				;
F0E5 : 1B 		" "		dcx	d
F0E6 : C8 		" "		rz
F0E7 : B7 		" "		ora	a
F0E8 : C8 		" "		rz
F0E9 : F1 		" "		pop	psw
F0EA : F0 		" "		rp
				;
F0EB : 28 		"("		db	028H
				;
F0EC : 0E C8 		"  "		mvi	c,0C8H
				;
F0EE				LF0EE:
F0EE : 20 		" "		db	020H
F0EF : 10 		" "		db	010H
				;
F0F0 : C8 		" "		rz
F0F1 : F1 		" "		pop	psw
F0F2 : FE 18 		"  "		cpi	018H
F0F4 : C0 		" "		rnz
				;
F0F5 : 08 		" "		db	008H
				;
F0F6 : F1 		" "		pop	psw
				;
F0F7 : 38 		"8"		db	038H
				;
F0F8 : 1B 		" "		dcx	d
F0F9 : C8 		" "		rz
F0FA : B7 		" "		ora	a
F0FB				LF0FB:
F0FB : C0 		" "		rnz
F0FC : D0 		" "		rnc
F0FD : F1 		" "		pop	psw
				;
F0FE : 28 		"("		db	028H
F0FF : 10 		" "		db	010H
				;
F100 : C8 		" "		rz
F101 : 2B 		"+"		dcx	h
				;
F102 : 20 		" "		db	020H
F103 : 10 		" "		db	010H
				;
F104 : C8 		" "		rz
F105 : C3 D0 F3 	"   "		jmp	LF3D0
				;
F108 : FE 4E 		" N"		cpi	04EH
F10A : C8 		" "		rz
F10B : 80 		" "		add	b
F10C : F0 		" "		rp
F10D : FE 50 		" P"		cpi	050H
F10F : C8 		" "		rz
F110 : 00 		" "		nop
F111 : F0 		" "		rp
F112 : FE 47 		" G"		cpi	047H
F114 : C8 		" "		rz
F115 : F7 		" "		rst	6
F116 : F3 		" "		di
F117 : FE 0F 		"  "		cpi	00FH
F119 : C8 		" "		rz
F11A : 78 		"x"		mov	a,b
F11B : F0 		" "		rp
F11C : FE 4F 		" O"		cpi	04FH
F11E : C8 		" "		rz
F11F : F0 		" "		rp
F120 : F0 		" "		rp
F121 : FE 56 		" V"		cpi	056H
F123 : C8 		" "		rz
F124 : F8 		" "		rm
F125 : F0 		" "		rp
F126 : FE 56 		" V"		cpi	056H
F128 : C8 		" "		rz
F129 : E7 		" "		rst	4
F12A : F1 		" "		pop	psw
F12B : 3E 07 		"> "		mvi	a,007H
F12D : CF 		" "		rst	1
F12E : F0 		" "		rp
F12F : C7 		" "		rst	0
F130 : CF 		" "		rst	1
F131 : BB 		" "		cmp	e
F132 : F8 		" "		rm
F133 : C9 		" "		ret
				;
F134 : 0E 0F 		"  "		mvi	c,00FH
F136 : CF 		" "		rst	1
F137 : 3E F1 		"> "		mvi	a,0F1H
F139 : 7B 		"{"		mov	a,e
F13A : CF 		" "		rst	1
F13B : F0 		" "		rp
F13C : C7 		" "		rst	0
F13D : C9 		" "		ret
				;
F13E				prLine:
F13E : 7E 		"~"		mov	a,m
F13F : BB 		" "		cmp	e
F140 : C8 		" "		rz
F141 : CF 		" "		rst	1
F142 : F0 		" "		rp
F143 : C7 		" "		rst	0
F144 : 23 		"#"		inx	h
F145 : C3 3E F1 	" > "		jmp	prLine
				;
F148 : 01 00 00 	"   "		lxi	b,L0000
F14B : 16 00 		"  "		mvi	d,000H
				;
F14D : 28 		"("		db	028H
				;
F14E : 16 C8 		"  "		mvi	d,0C8H
F150 : CF 		" "		rst	1
F151 : B7 		" "		ora	a
F152 : F1 		" "		pop	psw
F153 : 7E 		"~"		mov	a,m
F154 : CF 		" "		rst	1
F155 : AB 		" "		xra	e
F156 : F0 		" "		rp
F157 : FE FF 		"  "		cpi	0FFH
F159 : C8 		" "		rz
F15A : 6E 		"n"		mov	l,m
F15B : F1 		" "		pop	psw
F15C : E7 		" "		rst	4
F15D : 60 		"`"		mov	h,b
F15E : 69 		"i"		mov	l,c
F15F : 29 		")"		dad	h
F160 : 29 		")"		dad	h
F161 : 29 		")"		dad	h
F162 : 29 		")"		dad	h
F163 : 46 		"F"		mov	b,m
F164 : B7 		" "		ora	a
F165 : 4F 		"O"		mov	c,a
F166 : E1 		" "		pop	h
F167 : 23 		"#"		inx	h
F168 : 16 C1 		"  "		mvi	d,0C1H
F16A : 53 		"S"		mov	d,e
F16B : F1 		" "		pop	psw
				;
F16C : 20 		" "		db	020H
				;
F16D : 16 C8 		"  "		mvi	d,0C8H
F16F : 78 		"x"		mov	a,b
F170 : B7 		" "		ora	a
F171 : C0 		" "		rnz
F172 : 37 		"7"		stc
F173 : C9 		" "		ret
				;
F174				tapeWrite:
F174 : 38 		"8"		db	038H
				;
F175 : 1B 		" "		dcx	d
F176 : C8 		" "		rz
F177 : B7 		" "		ora	a
F178 : C8 		" "		rz
F179 : 2B 		"+"		dcx	h
F17A : F1 		" "		pop	psw
				;
F17B : 28 		"("		db	028H
				;
F17C : 16 C8 		"  "		mvi	d,0C8H
F17E : CF 		" "		rst	1
F17F : 9F 		" "		sbb	a
F180 : F0 		" "		rp
F181 : CF 		" "		rst	1
F182 : 48 		"H"		mov	c,b
F183 : F1 		" "		pop	psw
F184 : D8 		" "		rc
F185 : 2B 		"+"		dcx	h
F186 : F1 		" "		pop	psw
				;
F187 : 28 		"("		db	028H
				;
F188 : 0E C8 		"  "		mvi	c,0C8H
F18A : EB 		" "		xchg
				;
F18B : 28 		"("		db	028H
				;
F18C : 16 C8 		"  "		mvi	d,0C8H
F18E : CF 		" "		rst	1
F18F : B7 		" "		ora	a
F190 : F1 		" "		pop	psw
F191 : C3 18 FF 	"   "		jmp	LFF18
				;
F194				tapeRead:
F194 : CF 		" "		rst	1
F195 : A0 		" "		ana	b
F196 : F1 		" "		pop	psw
F197 : C3 1E FF 	"   "		jmp	LFF1E
				;
F19A				tapeVfy:
F19A : CF 		" "		rst	1
F19B : A0 		" "		ana	b
F19C : F1 		" "		pop	psw
F19D : C3 20 FF 	"   "		jmp	LFF20
				;
F1A0 : 11 FF FF 	"   "		lxi	d,0FFFFH
				;
F1A3 : 38 		"8"		db	038H
				;
F1A4 : 1B 		" "		dcx	d
F1A5 : C8 		" "		rz
F1A6 : B7 		" "		ora	a
F1A7 : C8 		" "		rz
F1A8 : AE 		" "		xra	m
F1A9 : F3 		" "		di
				;
F1AA : 28 		"("		db	028H
				;
F1AB : 0E C8 		"  "		mvi	c,0C8H
F1AD : EB 		" "		xchg
F1AE : CF 		" "		rst	1
F1AF : B0 		" "		ora	b
F1B0 : F1 		" "		pop	psw
F1B1 : C9 		" "		ret
				;
F1B2 : CF 		" "		rst	1
F1B3 : 9F 		" "		sbb	a
F1B4 : F0 		" "		rp
F1B5				findNonSpc:
F1B5 : 7E 		"~"		mov	a,m
				;
F1B6 : FE 		" "		db	0FEH
F1B7				LF1B7:
F1B7 : 20 		" "		db	020H
				;
F1B8 : C0 		" "		rnz
F1B9 : 23 		"#"		inx	h
F1BA : C3 B7 F1 	"   "		jmp	LF1B7
				;
F1BD				txtWidth:
F1BD : 38 		"8"		db	038H
				;
F1BE : 2E C8 		". "		mvi	l,0C8H
F1C0 : FE 30 		" 0"		cpi	030H
F1C2 : C8 		" "		rz
F1C3 : C8 		" "		rz
F1C4 : F1 		" "		pop	psw
F1C5				SetScr48:
F1C5 : 3E 30 		">0"		mvi	a,030H
F1C7 : C3 CE F1 	"   "		jmp	LF1CE
				;
F1CA				SetScr64:
F1CA : 3E 40 		">@"		mvi	a,040H
				;
F1CC : 30 		"0"		db	030H
F1CD : 2E 		"."		db	02EH
F1CE				LF1CE:
F1CE : C8 		" "		db	0C8H
				;
F1CF : C3 E9 F8 	"   "		jmp	0F8E9H
				;
F1D2 : 28 		"("		db	028H
F1D3 : 10 		" "		db	010H
				;
F1D4 : C8 		" "		rz
F1D5 : EB 		" "		xchg
F1D6				LF1D6:
F1D6 : CF 		" "		rst	1
F1D7 : 9F 		" "		sbb	a
F1D8 : F0 		" "		rp
F1D9 : D7 		" "		rst	2
F1DA : CF 		" "		rst	1
F1DB : 48 		"H"		mov	c,b
F1DC : F1 		" "		pop	psw
F1DD : D1 		" "		pop	d
F1DE : D8 		" "		rc
F1DF : 7B 		"{"		mov	a,e
				;
F1E0 : 10 		" "		db	010H
				;
F1E1 : 13 		" "		inx	d
F1E2 : C3 D6 F1 	"   "		jmp	LF1D6
				;
F1E5				doInText:
F1E5 : 28 		"("		db	028H
F1E6 : 10 		" "		db	010H
				;
F1E7 : C8 		" "		rz
F1E8 : EB 		" "		xchg
F1E9 : CF 		" "		rst	1
F1EA : 9F 		" "		sbb	a
F1EB : F0 		" "		rp
F1EC : 7E 		"~"		mov	a,m
F1ED : FE 0F 		"  "		cpi	00FH
F1EF : C8 		" "		rz
				;
F1F0 : 10 		" "		db	010H
				;
F1F1 : 13 		" "		inx	d
F1F2 : 23 		"#"		inx	h
F1F3 : C3 EE F3 	"   "		jmp	LF3EE
F1F6 : C9 		" "		ret
				;
F1F7				doGo:
F1F7 : 28 		"("		db	028H
F1F8 : 10 		" "		db	010H
				;
F1F9 : C8 		" "		rz
F1FA : EB 		" "		xchg
				;
F1FB				doIn:
F1FB : 38 		"8"		db	038H
				;
F1FC : 1B 		" "		dcx	d
F1FD : C8 		" "		rz
F1FE : B7 		" "		ora	a
F1FF : C8 		" "		rz
				;
F200 : 08 		" "		db	008H
				;
F201 : F0 		" "		rp
				;
F202 : 38 		"8"		db	038H
				;
F203 : 0E C8 		"  "		mvi	c,0C8H
				;
F205 : 30 		"0"		db	030H
				;
F206 : 1E C8 		"  "		mvi	e,0C8H
				;
F208 : 38 		"8"		db	038H
				;
F209 : 1E C8 		"  "		mvi	e,0C8H
				;
F20B : 30 		"0"		db	030H
				;
F20C : F7 		" "		rst	6
F20D : C7 		" "		rst	0
F20E : CF 		" "		rst	1
F20F : D3 F0 		"  "		out	0F0H
F211 : 3E 3F 		">?"		mvi	a,03FH
F213 : CF 		" "		rst	1
F214 : F0 		" "		rp
F215 : C7 		" "		rst	0
F216 : 3E DB 		"> "		mvi	a,0DBH
F218 : CF 		" "		rst	1
F219 : 6B 		"k"		mov	l,e
F21A : F0 		" "		rp
F21B : CF 		" "		rst	1
F21C : F6 C7 		"  "		ori	0C7H
F21E : CF 		" "		rst	1
F21F : D3 F0 		"  "		out	0F0H
F221 : C3 BB F8 	"   "		jmp	LF8BB
				;
F224				doOut:
F224 : 38 		"8"		db	038H
				;
F225 : 1B 		" "		dcx	d
F226 : C8 		" "		rz
F227 : B7 		" "		ora	a
F228 : C8 		" "		rz
F229 : 33 		"3"		inx	sp
F22A : F0 		" "		rp
				;
F22B : 38 		"8"		db	038H
				;
F22C : 0E C8 		"  "		mvi	c,0C8H
				;
F22E : 30 		"0"		db	030H
				;
F22F : 1F 		" "		rar
F230 : C8 		" "		rz
				;
F231 : 38 		"8"		db	038H
				;
F232 : 1F 		" "		rar
F233 : C8 		" "		rz
				;
F234 : 30 		"0"		db	030H
				;
F235 : F7 		" "		rst	6
F236 : C7 		" "		rst	0
F237 : CF 		" "		rst	1
F238 : D3 F0 		"  "		out	0F0H
F23A : 3E 38 		">8"		mvi	a,038H
F23C : CF 		" "		rst	1
F23D : F0 		" "		rp
F23E : C7 		" "		rst	0
F23F : 3E 3F 		">?"		mvi	a,03FH
F241 : CF 		" "		rst	1
F242 : F0 		" "		rp
F243 : C7 		" "		rst	0
F244 : 3E D3 		"> "		mvi	a,0D3H
F246 : CF 		" "		rst	1
F247 : 6B 		"k"		mov	l,e
F248 : F0 		" "		rp
F249 : CF 		" "		rst	1
F24A : 9F 		" "		sbb	a
F24B : F0 		" "		rp
F24C : CF 		" "		rst	1
F24D : 48 		"H"		mov	c,b
F24E : F3 		" "		di
F24F : D0 		" "		rnc
F250 : 60 		"`"		mov	h,b
F251 : F0 		" "		rp
F252 : CF 		" "		rst	1
F253 : BB 		" "		cmp	e
F254 : F7 		" "		rst	6
F255 : 3E 3F 		">?"		mvi	a,03FH
F257 : CF 		" "		rst	1
F258 : F0 		" "		rp
F259 : C7 		" "		rst	0
F25A : CF 		" "		rst	1
F25B : B6 		" "		ora	m
F25C : F7 		" "		rst	6
F25D : C3 BB F8 	"   "		jmp	LF8BB
				;
F260 : 7B 		"{"		mov	a,e
F261 : CF 		" "		rst	1
F262 : D3 F0 		"  "		out	0F0H
F264 : CF 		" "		rst	1
F265 : BB 		" "		cmp	e
F266 : F8 		" "		rm
F267 : 7B 		"{"		mov	a,e
F268 : C3 F6 C7 	"   "		jmp	LC7F6
				;
F26B : 30 		"0"		db	030H
				;
F26C : F6 C7 		"  "		ori	0C7H
F26E : 3E CB 		"> "		mvi	a,0CBH
				;
F270 : 30 		"0"		db	030H
				;
F271 : F8 		" "		rm
F272 : C7 		" "		rst	0
				;
F273 : CB 		" "		db	0CBH
				;
F274 : CF 		" "		rst	1
F275 : 9F 		" "		sbb	a
F276 : F0 		" "		rp
F277 : CF 		" "		rst	1
F278 : 48 		"H"		mov	c,b
F279 : F3 		" "		di
F27A : D0 		" "		rnc
F27B : 83 		" "		add	e
F27C : F0 		" "		rp
F27D : E3 		" "		xthl
F27E : C3 2B F3 	" + "		jmp	LF32B
				;
F281 : 60 		"`"		mov	h,b
F282 : 6B 		"k"		mov	l,e
				;
F283 : 20 		" "		db	020H
F284 : 10 		" "		db	010H
				;
F285 : C8 		" "		rz
F286 : CF 		" "		rst	1
F287 : 9F 		" "		sbb	a
F288 : F0 		" "		rp
F289 : CF 		" "		rst	1
F28A : 48 		"H"		mov	c,b
F28B : F3 		" "		di
F28C : D0 		" "		rnc
F28D : 93 		" "		sub	e
F28E : F0 		" "		rp
F28F : E3 		" "		xthl
F290 : C3 2B F3 	" + "		jmp	LF32B
				;
F293 : 03 		" "		inx	b
F294 : 50 		"P"		mov	d,b
F295 : 5B 		"["		mov	e,e
				;
F296 : 28 		"("		db	028H
F297 : 10 		" "		db	010H
				;
F298 : C8 		" "		rz
F299 : 46 		"F"		mov	b,m
F29A : 4F 		"O"		mov	c,a
				;
F29B : 28 		"("		db	028H
F29C : 10 		" "		db	010H
				;
F29D : C8 		" "		rz
				;
F29E : CB 		" "		db	0CBH
F29F : 28 		"("		db	028H
				;
F2A0 : 16 C8 		"  "		mvi	d,0C8H
F2A2 : 7E 		"~"		mov	a,m
F2A3 : FE 0F 		"  "		cpi	00FH
F2A5 : C8 		" "		rz
F2A6 : 23 		"#"		inx	h
				;
F2A7 : 20 		" "		db	020H
				;
F2A8 : 16 C8 		"  "		mvi	d,0C8H
				;
F2AA : CB 		" "		db	0CBH
				;
F2AB : FE 41 		" A"		cpi	041H
F2AD : F0 		" "		rp
F2AE : BF 		" "		cmp	a
F2AF : F0 		" "		rp
F2B0 : FE 38 		" 8"		cpi	038H
F2B2 : F0 		" "		rp
F2B3 : C7 		" "		rst	0
F2B4 : F0 		" "		rp
F2B5 : FE 30 		" 0"		cpi	030H
F2B7 : F8 		" "		rm
F2B8 : C7 		" "		rst	0
F2B9 : F0 		" "		rp
F2BA : D6 30 		" 0"		sui	030H
				;
F2BC : CB 		" "		db	0CBH
				;
F2BD : E6 5F 		" _"		ani	05FH
F2BF : FE 47 		" G"		cpi	047H
F2C1 : F0 		" "		rp
F2C2 : C7 		" "		rst	0
F2C3 : F0 		" "		rp
F2C4 : D6 37 		" 7"		sui	037H
				;
F2C6 : CB 		" "		db	0CBH
				;
F2C7 : 3E FF 		"> "		mvi	a,0FFH
				;
F2C9 : CB 		" "		db	0CBH
				;
F2CA				prAdr:
F2CA : 7E 		"~"		mov	a,m
F2CB : CF 		" "		rst	1
F2CC : D3 F0 		"  "		out	0F0H
F2CE : 7F 		" "		mov	a,a
F2CF : CF 		" "		rst	1
F2D0 : D3 F0 		"  "		out	0F0H
				;
F2D2 : CB 		" "		db	0CBH
				;
F2D3				prByte:
F2D3 : F7 		" "		rst	6
F2D4 : 0F 		" "		rrc
F2D5 : 0F 		" "		rrc
F2D6 : 0F 		" "		rrc
F2D7 : 0F 		" "		rrc
F2D8 : CF 		" "		rst	1
F2D9 : E0 		" "		rpo
F2DA : F0 		" "		rp
F2DB : F3 		" "		di
F2DC : CF 		" "		rst	1
F2DD : E0 		" "		rpo
F2DE : F0 		" "		rp
				;
F2DF : CB 		" "		db	0CBH
				;
F2E0				prNib:
F2E0 : E6 0F 		"  "		ani	00FH
F2E2 : FE 08 		"  "		cpi	008H
F2E4 : D0 		" "		rnc
F2E5 : EE F0 		"  "		xri	0F0H
F2E7 : C6 30 		" 0"		adi	030H
F2E9 : C3 EE F0 	"   "		jmp	LF0EE
				;
F2EC : C6 37 		" 7"		adi	037H
F2EE : CF 		" "		rst	1
F2EF : F0 		" "		rp
F2F0 : C7 		" "		rst	0
				;
F2F1 : CB 		" "		db	0CBH
				;
F2F2				doMove:
F2F2 : CF 		" "		rst	1
F2F3 : 76 		"v"		hlt
F2F4 : F0 		" "		rp
F2F5 : C3 F3 FB 	"   "		jmp	LFBF3
				;
F2F8				doVerify:
F2F8 : CF 		" "		rst	1
F2F9 : 76 		"v"		hlt
F2FA : F0 		" "		rp
F2FB : 7B 		"{"		mov	a,e
F2FC : BB 		" "		cmp	e
F2FD : C0 		" "		rnz
F2FE : 03 		" "		inx	b
F2FF : F3 		" "		di
F300 : 78 		"x"		mov	a,b
F301 : B8 		" "		cmp	b
F302 : C8 		" "		rz
				;
F303 : 08 		" "		db	008H
				;
F304 : BE 		" "		cmp	m
F305 : C6 0F 		"  "		adi	00FH
F307 : F3 		" "		di
F308 : 03 		" "		inx	b
F309 : 23 		"#"		inx	h
F30A : C3 FB F0 	"   "		jmp	LF0FB
				;
F30D : C7 		" "		rst	0
F30E : D7 		" "		rst	2
F30F : E7 		" "		rst	4
F310 : C7 		" "		rst	0
F311 : E7 		" "		rst	4
F312 : CF 		" "		rst	1
F313 : C8 		" "		rz
F314 : F0 		" "		rp
F315 : 3E 38 		">8"		mvi	a,038H
F317 : CF 		" "		rst	1
F318 : F0 		" "		rp
F319 : C7 		" "		rst	0
F31A : CF 		" "		rst	1
F31B : 76 		"v"		hlt
F31C : FB 		" "		ei
F31D : E3 		" "		xthl
F31E : 7E 		"~"		mov	a,m
F31F : CF 		" "		rst	1
F320 : D3 F0 		"  "		out	0F0H
F322 : CF 		" "		rst	1
F323 : 76 		"v"		hlt
F324 : FB 		" "		ei
F325 : 3E 28 		">("		mvi	a,028H
F327 : CF 		" "		rst	1
F328 : F0 		" "		rp
F329 : C7 		" "		rst	0
F32A : E3 		" "		xthl
F32B				LF32B:
F32B : 7E 		"~"		mov	a,m
F32C : CF 		" "		rst	1
F32D : D3 F0 		"  "		out	0F0H
F32F : 3E 2B 		">+"		mvi	a,02BH
F331 : CF 		" "		rst	1
F332 : F0 		" "		rp
F333 : C7 		" "		rst	0
F334 : CF 		" "		rst	1
F335 : BB 		" "		cmp	e
F336 : F8 		" "		rm
F337 : E3 		" "		xthl
F338 : D3 C1 		"  "		out	0C1H
				;
F33A : CB 		" "		db	0CBH
				;
F33B : CF 		" "		rst	1
F33C : B6 		" "		ora	m
F33D : F7 		" "		rst	6
F33E : CF 		" "		rst	1
F33F : A0 		" "		ana	b
F340 : FB 		" "		ei
F341 : AF 		" "		xra	a
				;
F342 : 30 		"0"		db	030H
				;
F343 : 0E C8 		"  "		mvi	c,0C8H
F345 : 3E CB 		"> "		mvi	a,0CBH
				;
F347 : 30 		"0"		db	030H
				;
F348 : 2B 		"+"		dcx	h
F349 : C8 		" "		rz
F34A : CF 		" "		rst	1
F34B : 63 		"c"		mov	h,e
F34C : F3 		" "		di
F34D : 23 		"#"		inx	h
F34E : 56 		"V"		mov	d,m
F34F : F3 		" "		di
F350 : CF 		" "		rst	1
F351 : 36 F3 		"6 "		mvi	m,0F3H
				;
F353 : CB 		" "		db	0CBH
				;
F354 : 1B 		" "		dcx	d
F355 : 3F 		"?"		cmc
				;
F356 : 20 		" "		db	020H
F357 : 36 		"6"		db	036H
F358				t_tere:
F358 : 56 20 67 20 	"V g "		db	"V g p g !\x07\x0F"
       70 20 67 20 	"p g "
       21 07 0F 	"!  "
				;
F363 : 3E C3 		"> "		mvi	a,0C3H
				;
F365 : 30 		"0"		db	030H
				;
F366 : F0 		" "		rp
F367 : C7 		" "		rst	0
				;
F368 : 30 		"0"		db	030H
				;
F369 : F3 		" "		di
F36A : C7 		" "		rst	0
F36B : 23 		"#"		inx	h
F36C : 1E F8 		"  "		mvi	e,0F8H
				;
F36E : 20 		" "		db	020H
				;
F36F : F3 		" "		di
F370 : C7 		" "		rst	0
F371 : 23 		"#"		inx	h
F372 : 47 		"G"		mov	b,a
F373 : F8 		" "		rm
				;
F374 : 20 		" "		db	020H
				;
F375 : F6 C7 		"  "		ori	0C7H
F377 : AF 		" "		xra	a
				;
F378 : 30 		"0"		db	030H
F379 : 20 		" "		db	020H
				;
F37A : C8 		" "		rz
				;
F37B : 30 		"0"		db	030H
				;
F37C : 21 C8 30 	"! 0"		lxi	h,030C8H
				;
F37F : 20 		" "		db	020H
				;
F380 : C8 		" "		rz
				;
F381 : 30 		"0"		db	030H
				;
F382 : 23 		"#"		inx	h
F383 : C8 		" "		rz
F384 : 3E 30 		">0"		mvi	a,030H
				;
F386 : 30 		"0"		db	030H
				;
F387 : 2E C8 		". "		mvi	l,0C8H
F389 : 3E FF 		"> "		mvi	a,0FFH
				;
F38B : 30 		"0"		db	030H
				;
F38C : 26 C8 		"& "		mvi	h,0C8H
F38E : 21 FF 01 	"!  "		lxi	h,001FFH
				;
F391 : 20 		" "		db	020H
				;
F392 : 27 		"'"		daa
F393 : C8 		" "		rz
F394 : 21 00 C1 	"!  "		lxi	h,LatBitmap
				;
F397 : 20 		" "		db	020H
				;
F398 : 1B 		" "		dcx	d
F399 : C8 		" "		rz
F39A : 21 78 FE 	"!x "		lxi	h,0FE78H
				;
F39D : 20 		" "		db	020H
				;
F39E : 40 		"@"		mov	b,b
F39F : C8 		" "		rz
F3A0 : C9 		" "		ret
				;
F3A1 : AF 		" "		xra	a
				;
F3A2 : 30 		"0"		db	030H
				;
F3A3 : 0B 		" "		dcx	b
F3A4 : C8 		" "		rz
F3A5 : D3 FB 		"  "		out	0FBH
F3A7 : 33 		"3"		inx	sp
F3A8 : 00 		" "		nop
				;
F3A9 : CB 		" "		db	0CBH
				;
F3AA : CF 		" "		rst	1
F3AB : 5F 		"_"		mov	e,a
F3AC : FE D8 		"  "		cpi	0D8H
F3AE : BB 		" "		cmp	e
F3AF : F3 		" "		di
F3B0 : CF 		" "		rst	1
F3B1 : 63 		"c"		mov	h,e
F3B2 : F3 		" "		di
				;
F3B3 : 38 		"8"		db	038H
				;
F3B4 : 00 		" "		nop
F3B5 : 00 		" "		nop
F3B6 : FE C3 		"  "		cpi	0C3H
F3B8 : C8 		" "		rz
F3B9 : 00 		" "		nop
F3BA : 00 		" "		nop
F3BB : 33 		"3"		inx	sp
F3BC : 00 		" "		nop
				;
F3BD : CB 		" "		db	0CBH
				;
F3BE : CF 		" "		rst	1
F3BF : 3B 		";"		dcx	sp
F3C0 : F3 		" "		di
F3C1 : 23 		"#"		inx	h
F3C2 : 00 		" "		nop
F3C3 : D0 		" "		rnc
				;
F3C4 : 20 		" "		db	020H
				;
F3C5 : 03 		" "		inx	b
F3C6 : 00 		" "		nop
F3C7 : 3E C3 		"> "		mvi	a,0C3H
				;
F3C9 : 30 		"0"		db	030H
				;
F3CA : 00 		" "		nop
F3CB : 00 		" "		nop
F3CC : 3E 7F 		"> "		mvi	a,07FH
				;
F3CE : 30 		"0"		db	030H
				;
F3CF : 0F 		" "		rrc
F3D0				LF3D0:
F3D0 : C8 		" "		rz
F3D1 : DB F3 		"  "		in	0F3H
F3D3 : E6 01 		"  "		ani	001H
F3D5 : C0 		" "		rnz
F3D6 : F6 F3 		"  "		ori	0F3H
F3D8 : C3 E7 F3 	"   "		jmp	LF3E7
				;
F3DB : 33 		"3"		inx	sp
F3DC : 00 		" "		nop
				;
F3DD : CB 		" "		db	0CBH
				;
F3DE : AF 		" "		xra	a
				;
F3DF : 30 		"0"		db	030H
				;
F3E0 : 07 		" "		rlc
F3E1 : C8 		" "		rz
F3E2 : 3E 18 		"> "		mvi	a,018H
F3E4 : CF 		" "		rst	1
F3E5 : FF 		" "		rst	7
F3E6 : F7 		" "		rst	6
F3E7				LF3E7:
F3E7 : CF 		" "		rst	1
F3E8				LF3E8:
F3E8 : 63 		"c"		mov	h,e
F3E9 : F3 		" "		di
F3EA : 33 		"3"		inx	sp
F3EB : 00 		" "		nop
				;
F3EC : CB 		" "		db	0CBH
				;
F3ED : CF 		" "		rst	1
F3EE				LF3EE:
F3EE : 5B 		"["		mov	e,e
F3EF : F7 		" "		rst	6
F3F0 : CF 		" "		rst	1
F3F1 : 93 		" "		sub	e
F3F2 : F0 		" "		rp
F3F3 : C3 E8 F3 	"   "		jmp	LF3E8
				;
F3F6 : 00 		" "		nop
F3F7 : C3 00 C8 	"   "		jmp	LC800
				;
F3FA : C7 		" "		rst	0
F3FB : D7 		" "		rst	2
F3FC : E7 		" "		rst	4
F3FD : F7 		" "		rst	6
				;
F3FE : 28 		"("		db	028H
F3FF : 10 		" "		db	010H
				;
F400 : C8 		" "		rz
F401 : CF 		" "		rst	1
F402 : C8 		" "		rz
F403 : F0 		" "		rp
F404 : CF 		" "		rst	1
F405 : 76 		"v"		hlt
F406 : FB 		" "		ei
F407 : CF 		" "		rst	1
F408 : 76 		"v"		hlt
F409 : FB 		" "		ei
F40A : 7E 		"~"		mov	a,m
F40B : 07 		" "		rlc
F40C : D0 		" "		rnc
F40D : 4F 		"O"		mov	c,a
F40E : F6 07 		"  "		ori	007H
F410 : D8 		" "		rc
F411 : A7 		" "		ana	a
F412 : F7 		" "		rst	6
F413 : 13 		" "		inx	d
F414 : 50 		"P"		mov	d,b
F415 : C6 E6 		"  "		adi	0E6H
F417 : E0 		" "		rpo
F418 : 0F 		" "		rrc
F419 : 0F 		" "		rrc
F41A : 0F 		" "		rrc
F41B : 0F 		" "		rrc
F41C : 0F 		" "		rrc
F41D : CF 		" "		rst	1
F41E : 4E 		"N"		mov	c,m
F41F : F7 		" "		rst	6
F420 : 7E 		"~"		mov	a,m
F421 : CF 		" "		rst	1
F422 : 6B 		"k"		mov	l,e
F423 : F7 		" "		rst	6
F424 : 11 FF FF 	"   "		lxi	d,0FFFFH
F427 : 23 		"#"		inx	h
				;
F428 : 20 		" "		db	020H
F429 : 10 		" "		db	010H
				;
F42A : C8 		" "		rz
F42B : 1B 		" "		dcx	d
F42C : CF 		" "		rst	1
F42D : 76 		"v"		hlt
F42E : FB 		" "		ei
				;
F42F : 38 		"8"		db	038H
				;
F430 : 07 		" "		rlc
F431 : C8 		" "		rz
F432 : FE 16 		"  "		cpi	016H
F434 : C0 		" "		rnz
F435 : 2E F6 		". "		mvi	l,0F6H
F437 : 7E 		"~"		mov	a,m
F438 : CF 		" "		rst	1
F439 : D3 F0 		"  "		out	0F0H
F43B : CF 		" "		rst	1
F43C : 76 		"v"		hlt
F43D : FB 		" "		ei
F43E : 23 		"#"		inx	h
F43F : 1E C0 		"  "		mvi	e,0C0H
F441 : 37 		"7"		stc
F442 : F6 CF 		"  "		ori	0CFH
F444 : BB 		" "		cmp	e
F445 : F8 		" "		rm
F446 : F3 		" "		di
F447 : 3F 		"?"		cmc
F448 : C0 		" "		rnz
F449 : FF 		" "		rst	7
F44A : F3 		" "		di
F44B : E3 		" "		xthl
F44C : D1 		" "		pop	d
F44D : C1 		" "		pop	b
				;
F44E : CB 		" "		db	0CBH
				;
F44F : 07 		" "		rlc
F450 : D8 		" "		rc
F451 : 90 		" "		sub	b
F452 : F6 E6 		"  "		ori	0E6H
F454 : 9E 		" "		sbb	m
F455 : FE 88 		"  "		cpi	088H
F457 : C0 		" "		rnz
F458 : 6B 		"k"		mov	l,e
F459 : F6 7E 		" ~"		ori	07EH
F45B : E6 18 		"  "		ani	018H
F45D : 0F 		" "		rrc
F45E : 0F 		" "		rrc
F45F : 0F 		" "		rrc
F460 : 13 		" "		inx	d
F461 : 26 C6 		"& "		mvi	h,0C6H
F463 : CF 		" "		rst	1
F464 : 4E 		"N"		mov	c,m
F465 : F7 		" "		rst	6
F466 : C3 1B F7 	"   "		jmp	LF71B
				;
F469 : E6 1E 		"  "		ani	01EH
F46B : FE 1E 		"  "		cpi	01EH
F46D : C0 		" "		rnz
F46E : 7F 		" "		mov	a,a
F46F : F6 7E 		" ~"		ori	07EH
F471 : E6 38 		" 8"		ani	038H
F473 : 0F 		" "		rrc
F474 : 0F 		" "		rrc
F475 : 0F 		" "		rrc
F476 : 13 		" "		inx	d
F477 : 06 C6 		"  "		mvi	b,0C6H
F479 : CF 		" "		rst	1
F47A : 4E 		"N"		mov	c,m
F47B : F7 		" "		rst	6
F47C : C3 26 F6 	" & "		jmp	LF626
				;
F47F : 7E 		"~"		mov	a,m
F480 : E6 0F 		"  "		ani	00FH
F482 : FE 08 		"  "		cpi	008H
F484 : C8 		" "		rz
F485 : BF 		" "		cmp	a
F486 : F6 FE 		"  "		ori	0FEH
F488 : 00 		" "		nop
F489 : C0 		" "		rnz
F48A : 93 		" "		sub	e
F48B : F6 7E 		" ~"		ori	07EH
F48D : B7 		" "		ora	a
F48E : C0 		" "		rnz
F48F : BF 		" "		cmp	a
F490 : F6 FE 		"  "		ori	0FEH
F492 : 0B 		" "		dcx	b
F493 : C0 		" "		rnz
F494 : 9E 		" "		sbb	m
F495 : F6 13 		"  "		ori	013H
F497 : BE 		" "		cmp	m
F498 : C6 C3 		"  "		adi	0C3H
F49A : AF 		" "		xra	a
F49B : F6 FE 		"  "		ori	0FEH
				;
F49D : 08 		" "		db	008H
				;
F49E : C0 		" "		rnz
F49F : A7 		" "		ana	a
F4A0 : F6 13 		"  "		ori	013H
F4A2 : C8 		" "		rz
F4A3 : C6 C3 		"  "		adi	0C3H
F4A5 : AF 		" "		xra	a
F4A6 : F6 FE 		"  "		ori	0FEH
F4A8 : 0B 		" "		dcx	b
F4A9 : C0 		" "		rnz
F4AA : D8 		" "		rc
F4AB : F6 13 		"  "		ori	013H
F4AD : CE C6 		"  "		aci	0C6H
F4AF : CF 		" "		rst	1
F4B0 : 57 		"W"		mov	d,a
F4B1 : F7 		" "		rst	6
F4B2 : 7E 		"~"		mov	a,m
F4B3 : E6 0F 		"  "		ani	00FH
F4B5 : FE 08 		"  "		cpi	008H
F4B7 : C0 		" "		rnz
F4B8 : C3 F6 7E 	"  ~"		jmp	L7EF6
				;
F4BB : 0F 		" "		rrc
F4BC : 0F 		" "		rrc
F4BD : 0F 		" "		rrc
F4BE : E6 06 		"  "		ani	006H
F4C0 : C3 D6 F6 	"   "		jmp	LF6D6
				;
F4C3 : 7E 		"~"		mov	a,m
F4C4 : E6 30 		" 0"		ani	030H
F4C6 : 0F 		" "		rrc
F4C7 : 0F 		" "		rrc
F4C8 : 0F 		" "		rrc
F4C9 : FE 06 		"  "		cpi	006H
F4CB : C0 		" "		rnz
F4CC : D6 F6 		"  "		sui	0F6H
F4CE : CF 		" "		rst	1
F4CF : 98 		" "		sbb	b
F4D0 : F7 		" "		rst	6
F4D1 : C3 26 F6 	" & "		jmp	LF626
				;
F4D4 : CF 		" "		rst	1
F4D5 : 6B 		"k"		mov	l,e
F4D6 : F7 		" "		rst	6
F4D7 : C3 26 F6 	" & "		jmp	LF626
				;
F4DA : 7E 		"~"		mov	a,m
F4DB : E6 07 		"  "		ani	007H
F4DD : 13 		" "		inx	d
F4DE : 36 C6 		"6 "		mvi	m,0C6H
F4E0 : CF 		" "		rst	1
F4E1 : 4E 		"N"		mov	c,m
F4E2 : F7 		" "		rst	6
F4E3 : 7E 		"~"		mov	a,m
F4E4 : B7 		" "		ora	a
F4E5 : C8 		" "		rz
F4E6 : 26 F6 		"& "		mvi	h,0F6H
F4E8 : 0F 		" "		rrc
F4E9 : 0F 		" "		rrc
F4EA : 0F 		" "		rrc
F4EB : F7 		" "		rst	6
F4EC : E6 E0 		"  "		ani	0E0H
F4EE : FE 20 		"  "		cpi	020H
F4F0 : C8 		" "		rz
F4F1 : F8 		" "		rm
F4F2 : F6 FE 		"  "		ori	0FEH
F4F4 : 60 		"`"		mov	h,b
F4F5 : C0 		" "		rnz
F4F6 : 06 F7 		"  "		mvi	b,0F7H
F4F8 : F3 		" "		di
F4F9 : E6 07 		"  "		ani	007H
F4FB : FE 06 		"  "		cpi	006H
F4FD : C0 		" "		rnz
F4FE : 0B 		" "		dcx	b
F4FF : F7 		" "		rst	6
F500 : CF 		" "		rst	1
F501 : 98 		" "		sbb	b
F502 : F7 		" "		rst	6
F503 : C3 0E F7 	"   "		jmp	LF70E
				;
F506 : F3 		" "		di
F507 : E6 07 		"  "		ani	007H
F509 : CF 		" "		rst	1
F50A : 6B 		"k"		mov	l,e
F50B : F7 		" "		rst	6
F50C : 7E 		"~"		mov	a,m
F50D : E6 0F 		"  "		ani	00FH
F50F : FE 01 		"  "		cpi	001H
F511 : C0 		" "		rnz
				;
F512 : 30 		"0"		db	030H
				;
F513 : F7 		" "		rst	6
F514 : 3E 2E 		">."		mvi	a,02EH
F516 : CF 		" "		rst	1
F517 : F0 		" "		rp
F518 : C7 		" "		rst	0
F519 : 3E 26 		">&"		mvi	a,026H
F51B : CF 		" "		rst	1
F51C : F0 		" "		rp
F51D : C7 		" "		rst	0
F51E : 23 		"#"		inx	h
F51F : 23 		"#"		inx	h
F520 : 7E 		"~"		mov	a,m
F521 : CF 		" "		rst	1
F522 : D3 F0 		"  "		out	0F0H
F524 : 2B 		"+"		dcx	h
F525 : 7E 		"~"		mov	a,m
F526 : CF 		" "		rst	1
F527 : D3 F0 		"  "		out	0F0H
F529 : 23 		"#"		inx	h
F52A : 13 		" "		inx	d
F52B : FF 		" "		rst	7
F52C : FF 		" "		rst	7
F52D : C3 27 F6 	" ' "		jmp	LF627
				;
F530 : E6 07 		"  "		ani	007H
F532 : FE 06 		"  "		cpi	006H
F534 : C0 		" "		rnz
F535 : 26 F6 		"& "		mvi	h,0F6H
F537 : 3E 2E 		">."		mvi	a,02EH
F539 : CF 		" "		rst	1
F53A : F0 		" "		rp
F53B : C7 		" "		rst	0
F53C : 3E 26 		">&"		mvi	a,026H
F53E : CF 		" "		rst	1
F53F : F0 		" "		rp
F540 : C7 		" "		rst	0
F541 : 23 		"#"		inx	h
F542 : 7E 		"~"		mov	a,m
F543 : CF 		" "		rst	1
F544 : D3 F0 		"  "		out	0F0H
F546 : 13 		" "		inx	d
F547 : FE FF 		"  "		cpi	0FFH
F549 : C3 27 F6 	" ' "		jmp	LF627
				;
F54C : 07 		" "		rlc
F54D : 07 		" "		rlc
F54E : 03 		" "		inx	b
F54F : 00 		" "		nop
F550 : 00 		" "		nop
F551 : 4F 		"O"		mov	c,a
F552 : EB 		" "		xchg
F553 : 0B 		" "		dcx	b
F554 : EB 		" "		xchg
F555 : E7 		" "		rst	4
F556 : EB 		" "		xchg
F557 : 3E 06 		"> "		mvi	a,006H
F559 : F7 		" "		rst	6
F55A : 7E 		"~"		mov	a,m
F55B : CF 		" "		rst	1
F55C : F0 		" "		rp
F55D : C7 		" "		rst	0
F55E : 23 		"#"		inx	h
F55F : F3 		" "		di
F560 : 3F 		"?"		cmc
F561 : C0 		" "		rnz
F562 : 5B 		"["		mov	e,e
F563 : F7 		" "		rst	6
F564 : CF 		" "		rst	1
F565 : 76 		"v"		hlt
F566 : FB 		" "		ei
F567 : E3 		" "		xthl
				;
F568 : CB 		" "		db	0CBH
				;
F569 : E6 07 		"  "		ani	007H
F56B : E7 		" "		rst	4
F56C : 21 F0 C6 	"!  "		lxi	h,0C6F0H
F56F : 03 		" "		inx	b
F570 : 00 		" "		nop
F571 : 00 		" "		nop
F572 : 4F 		"O"		mov	c,a
F573 : 0B 		" "		dcx	b
F574 : 7E 		"~"		mov	a,m
F575 : CF 		" "		rst	1
F576 : F0 		" "		rp
F577 : C7 		" "		rst	0
F578 : E3 		" "		xthl
				;
F579 : CB 		" "		db	0CBH
				;
F57A : 7E 		"~"		mov	a,m
F57B : E6 38 		" 8"		ani	038H
F57D : 0F 		" "		rrc
F57E : 0F 		" "		rrc
F57F : E7 		" "		rst	4
F580 : 21 E0 C6 	"!  "		lxi	h,0C6E0H
F583 : 03 		" "		inx	b
F584 : 00 		" "		nop
F585 : 00 		" "		nop
F586 : 4F 		"O"		mov	c,a
F587 : 0B 		" "		dcx	b
F588 : 7E 		"~"		mov	a,m
F589 : CF 		" "		rst	1
F58A : F0 		" "		rp
F58B : C7 		" "		rst	0
F58C : 23 		"#"		inx	h
F58D : 7E 		"~"		mov	a,m
F58E : CF 		" "		rst	1
F58F : F0 		" "		rp
F590 : C7 		" "		rst	0
F591 : CF 		" "		rst	1
F592 : 76 		"v"		hlt
F593 : FB 		" "		ei
F594 : C3 66 F7 	" f "		jmp	LF766
				;
F597 : CB 		" "		db	0CBH
				;
F598 : EB 		" "		xchg
F599 : 23 		"#"		inx	h
F59A : E0 		" "		rpo
F59B : C6 7E 		" ~"		adi	07EH
F59D : CF 		" "		rst	1
F59E : F0 		" "		rp
F59F : C7 		" "		rst	0
F5A0 : 23 		"#"		inx	h
F5A1 : 7E 		"~"		mov	a,m
F5A2 : CF 		" "		rst	1
F5A3 : F0 		" "		rp
F5A4 : C7 		" "		rst	0
F5A5 : EB 		" "		xchg
				;
F5A6 : CB 		" "		db	0CBH
				;
F5A7 : E6 1E 		"  "		ani	01EH
F5A9 : FE 18 		"  "		cpi	018H
F5AB : C0 		" "		rnz
F5AC : BF 		" "		cmp	a
F5AD : F7 		" "		rst	6
F5AE : 7E 		"~"		mov	a,m
F5AF : E6 38 		" 8"		ani	038H
F5B1 : 0F 		" "		rrc
F5B2 : 0F 		" "		rrc
F5B3 : 0F 		" "		rrc
F5B4 : 13 		" "		inx	d
F5B5 : 70 		"p"		mov	m,b
F5B6 : C6 CF 		"  "		adi	0CFH
F5B8 : 4E 		"N"		mov	c,m
F5B9 : F7 		" "		rst	6
F5BA : C3 3E F7 	" > "		jmp	LF73E
				;
F5BD : B7 		" "		ora	a
F5BE : C0 		" "		rnz
F5BF : CE F7 		"  "		aci	0F7H
F5C1 : 3E 50 		">P"		mvi	a,050H
F5C3 : CF 		" "		rst	1
F5C4 : F0 		" "		rp
F5C5 : C7 		" "		rst	0
F5C6 : CF 		" "		rst	1
F5C7 : 78 		"x"		mov	a,b
F5C8 : F7 		" "		rst	6
F5C9 : C3 26 F6 	" & "		jmp	LF626
				;
F5CC : FE 1E 		"  "		cpi	01EH
F5CE : C0 		" "		rnz
F5CF : E3 		" "		xthl
F5D0 : F7 		" "		rst	6
F5D1 : 13 		" "		inx	d
F5D2 : 90 		" "		sub	b
F5D3 : C6 CF 		"  "		adi	0CFH
F5D5 : 57 		"W"		mov	d,a
F5D6 : F7 		" "		rst	6
F5D7 : 7E 		"~"		mov	a,m
F5D8 : E6 38 		" 8"		ani	038H
F5DA : 0F 		" "		rrc
F5DB : 0F 		" "		rrc
F5DC : 0F 		" "		rrc
F5DD : CF 		" "		rst	1
F5DE : D3 F0 		"  "		out	0F0H
F5E0 : C3 26 F6 	" & "		jmp	LF626
				;
F5E3 : FE 08 		"  "		cpi	008H
F5E5 : C0 		" "		rnz
F5E6 : F3 		" "		di
F5E7 : F7 		" "		rst	6
F5E8 : 3E 48 		">H"		mvi	a,048H
F5EA : CF 		" "		rst	1
F5EB : F0 		" "		rp
F5EC : C7 		" "		rst	0
F5ED : CF 		" "		rst	1
F5EE : 78 		"x"		mov	a,b
F5EF : F7 		" "		rst	6
F5F0 : C3 1B F7 	"   "		jmp	LF71B
				;
F5F3 : FE 10 		"  "		cpi	010H
F5F5 : C0 		" "		rnz
F5F6 : FF 		" "		rst	7
F5F7 : F7 		" "		rst	6
F5F8 : 3E 43 		">C"		mvi	a,043H
F5FA : C3 E8 F7 	"   "		jmp	LF7E8
				;
F5FD : 7E 		"~"		mov	a,m
F5FE : FE CB 		"  "		cpi	0CBH
F600 : C0 		" "		rnz
F601 : 0E F6 		"  "		mvi	c,0F6H
F603 : 13 		" "		inx	d
F604 : D0 		" "		rnc
F605 : C6 CF 		"  "		adi	0CFH
F607 : 57 		"W"		mov	d,a
F608 : F7 		" "		rst	6
F609 : C3 26 F6 	" & "		jmp	LF626
				;
F60C : FE DF 		"  "		cpi	0DFH
F60E : C8 		" "		rz
F60F : BF 		" "		cmp	a
F610 : F6 FE 		"  "		ori	0FEH
F612 : EF 		" "		rst	5
F613 : C8 		" "		rz
F614 : BF 		" "		cmp	a
F615 : F6 FE 		"  "		ori	0FEH
F617 : FF 		" "		rst	7
F618 : C8 		" "		rz
F619 : BF 		" "		cmp	a
F61A : F6 FE 		"  "		ori	0FEH
F61C : DB C8 		"  "		in	0C8H
F61E : BF 		" "		cmp	a
F61F : F6 FE 		"  "		ori	0FEH
				;
F621 : CB 		" "		db	0CBH
				;
F622 : C8 		" "		rz
F623 : BF 		" "		cmp	a
F624 : F6 E6 		"  "		ori	0E6H
F626				LF626:
F626 : 3F 		"?"		cmc
F627				LF627:
F627 : FE 13 		"  "		cpi	013H
F629 : C0 		" "		rnz
F62A : 37 		"7"		stc
F62B : F6 13 		"  "		ori	013H
F62D : 98 		" "		sbb	b
F62E : C6 CF 		"  "		adi	0CFH
F630 : 57 		"W"		mov	d,a
F631 : F7 		" "		rst	6
F632 : C3 3E F7 	" > "		jmp	LF73E
				;
F635 : FE 1B 		"  "		cpi	01BH
F637 : C0 		" "		rnz
F638 : 40 		"@"		mov	b,b
F639 : F6 13 		"  "		ori	013H
F63B : 9E 		" "		sbb	m
F63C : C6 C3 		"  "		adi	0C3H
F63E : 2F 		"/"		cma
F63F : F6 FE 		"  "		ori	0FEH
F641 : 03 		" "		inx	b
F642 : C0 		" "		rnz
F643 : 4E 		"N"		mov	c,m
F644 : F6 13 		"  "		ori	013H
F646 : A8 		" "		xra	b
F647 : C6 CF 		"  "		adi	0CFH
F649 : 57 		"W"		mov	d,a
F64A : F7 		" "		rst	6
F64B : C3 1B F7 	"   "		jmp	LF71B
				;
F64E : FE 0F 		"  "		cpi	00FH
F650 : C0 		" "		rnz
F651 : 5B 		"["		mov	e,e
F652 : F6 13 		"  "		ori	013H
F654 : AE 		" "		xra	m
F655 : C6 C3 		"  "		adi	0C3H
F657 : 48 		"H"		mov	c,b
F658 : F6 E6 		"  "		ori	0E6H
F65A : 0F 		" "		rrc
F65B : FE 03 		"  "		cpi	003H
F65D : C0 		" "		rnz
F65E : 78 		"x"		mov	a,b
F65F : F6 13 		"  "		ori	013H
F661 : B0 		" "		ora	b
F662 : C6 CF 		"  "		adi	0CFH
F664 : 57 		"W"		mov	d,a
F665 : F7 		" "		rst	6
F666 : 7E 		"~"		mov	a,m
F667 : E6 30 		" 0"		ani	030H
F669 : 0F 		" "		rrc
F66A : 0F 		" "		rrc
F66B : 0F 		" "		rrc
F66C : FE 06 		"  "		cpi	006H
F66E : C0 		" "		rnz
F66F : D6 F6 		"  "		sui	0F6H
F671 : 13 		" "		inx	d
F672 : DE C6 		"  "		sbi	0C6H
F674 : CF 		" "		rst	1
F675 : 57 		"W"		mov	d,a
F676 : F7 		" "		rst	6
F677 : C3 26 F6 	" & "		jmp	LF626
				;
F67A : FE 07 		"  "		cpi	007H
F67C : C0 		" "		rnz
F67D : 87 		" "		add	a
F67E : F6 13 		"  "		ori	013H
F680 : B8 		" "		cmp	b
F681 : C6 C3 		"  "		adi	0C3H
F683 : 63 		"c"		mov	h,e
F684 : F6 7E 		" ~"		ori	07EH
F686 : 0F 		" "		rrc
F687 : E6 0F 		"  "		ani	00FH
F689 : 13 		" "		inx	d
F68A : 90 		" "		sub	b
F68B : C6 CF 		"  "		adi	0CFH
F68D : 4E 		"N"		mov	c,m
F68E : F7 		" "		rst	6
F68F : C3 26 F6 	" & "		jmp	LF626
				;
F692 : E6 FE 		"  "		ani	0FEH
F694 : FE D8 		"  "		cpi	0D8H
F696 : C0 		" "		rnz
F697 : A0 		" "		ana	b
F698 : F6 13 		"  "		ori	013H
F69A : D6 C6 		"  "		sui	0C6H
F69C : CF 		" "		rst	1
F69D : 57 		"W"		mov	d,a
F69E : F7 		" "		rst	6
F69F : C3 26 F6 	" & "		jmp	LF626
				;
F6A2 : 13 		" "		inx	d
F6A3 : D8 		" "		rc
F6A4 : C6 CF 		"  "		adi	0CFH
F6A6 : 57 		"W"		mov	d,a
F6A7 : F7 		" "		rst	6
F6A8 : 7E 		"~"		mov	a,m
F6A9 : E6 38 		" 8"		ani	038H
F6AB : 0F 		" "		rrc
F6AC : 0F 		" "		rrc
F6AD : 0F 		" "		rrc
F6AE : CF 		" "		rst	1
F6AF : 6B 		"k"		mov	l,e
F6B0 : F7 		" "		rst	6
F6B1 : 3E 2E 		">."		mvi	a,02EH
F6B3 : CF 		" "		rst	1
F6B4 : F0 		" "		rp
F6B5 : C7 		" "		rst	0
F6B6 : 7E 		"~"		mov	a,m
F6B7 : E6 07 		"  "		ani	007H
F6B9 : CF 		" "		rst	1
F6BA : 6B 		"k"		mov	l,e
F6BB : F7 		" "		rst	6
F6BC : C3 26 F6 	" & "		jmp	LF626
				;
F6BF : 13 		" "		inx	d
F6C0 : 00 		" "		nop
F6C1 : C6 CF 		"  "		adi	0CFH
F6C3 : 57 		"W"		mov	d,a
F6C4 : F7 		" "		rst	6
F6C5 : C3 26 F6 	" & "		jmp	LF626
F6C8 : C3 CF 47 	"  G"		jmp	L47CF
				;
F6CB				LF6CB:
F6CB : F8 		" "		rm
F6CC : FE FE 		"  "		cpi	0FEH
F6CE : C0 		" "		rnz
F6CF : D7 		" "		rst	2
F6D0 : F6 CF 		"  "		ori	0CFH
F6D2 : 7F 		" "		mov	a,a
F6D3 : F8 		" "		rm
				;
F6D4 : C3 		" "		db	0C3H
F6D5 : CB 		" "		db	0CBH
F6D6				LF6D6:
F6D6 : F6 		" "		db	0F6H
				;
F6D7 : FE FF 		"  "		cpi	0FFH
F6D9 : C0 		" "		rnz
F6DA : E0 		" "		rpo
F6DB : F6 CF 		"  "		ori	0CFH
F6DD : 86 		" "		add	m
F6DE : F8 		" "		rm
F6DF : C3 CB F6 	"   "		jmp	LF6CB
				;
F6E2 : FE FB 		"  "		cpi	0FBH
F6E4 : C0 		" "		rnz
F6E5 : EF 		" "		rst	5
F6E6 : F6 CF 		"  "		ori	0CFH
F6E8 : 9F 		" "		sbb	a
F6E9 : F8 		" "		rm
F6EA : C3 CB F6 	"   "		jmp	LF6CB
				;
F6ED : FE FE 		"  "		cpi	0FEH
F6EF : C0 		" "		rnz
F6F0 : F8 		" "		rm
F6F1 : F6 CF 		"  "		ori	0CFH
F6F3 : B8 		" "		cmp	b
F6F4 : F8 		" "		rm
F6F5 : C3 CB F6 	"   "		jmp	LF6CB
				;
F6F8 : FE F8 		"  "		cpi	0F8H
F6FA : C8 		" "		rz
F6FB : CF 		" "		rst	1
F6FC : F8 		" "		rm
F6FD : FE F8 		"  "		cpi	0F8H
F6FF : C0 		" "		rnz
F700 : 0E F7 		"  "		mvi	c,0F7H
				;
F702 : 38 		"8"		db	038H
				;
F703 : 23 		"#"		inx	h
F704 : C8 		" "		rz
F705 : 2F 		"/"		cma
				;
F706 : 30 		"0"		db	030H
				;
F707 : 23 		"#"		inx	h
F708 : C8 		" "		rz
F709 : C3 CB F6 	"   "		jmp	LF6CB
				;
F70C : FE F7 		"  "		cpi	0F7H
F70E				LF70E:
F70E : C0 		" "		rnz
F70F : 17 		" "		ral
F710 : F7 		" "		rst	6
F711 : CF 		" "		rst	1
F712 : 46 		"F"		mov	b,m
F713 : F7 		" "		rst	6
F714 : C3 CB F6 	"   "		jmp	LF6CB
				;
F717 : FE F6 		"  "		cpi	0F6H
F719 : C0 		" "		rnz
				;
F71A : 20 		" "		db	020H
				;
F71B				LF71B:
F71B : F7 		" "		rst	6
F71C : CF 		" "		rst	1
F71D : 4F 		"O"		mov	c,a
F71E : F7 		" "		rst	6
				;
F71F : C3 		" "		db	0C3H
F720				LF720:
F720 : CB 		" "		db	0CBH
				;
F721 : F6 F7 		"  "		ori	0F7H
				;
F723 : 38 		"8"		db	038H
				;
F724 : 23 		"#"		inx	h
F725 : C8 		" "		rz
F726 : B7 		" "		ora	a
F727 : C0 		" "		rnz
F728 : 46 		"F"		mov	b,m
F729 : F7 		" "		rst	6
F72A : F3 		" "		di
F72B : FE 43 		" C"		cpi	043H
F72D : D8 		" "		rc
F72E : FE 5B 		" ["		cpi	05BH
F730 : D8 		" "		rc
F731 : 43 		"C"		mov	b,e
F732 : F7 		" "		rst	6
F733 : FE 63 		" c"		cpi	063H
F735 : D8 		" "		rc
F736 : FE 7B 		" {"		cpi	07BH
F738 : D8 		" "		rc
F739 : 43 		"C"		mov	b,e
F73A : F7 		" "		rst	6
F73B : FE 80 		"  "		cpi	080H
F73D : D8 		" "		rc
F73E				LF73E:
F73E : FE C0 		"  "		cpi	0C0H
F740 : D0 		" "		rnc
F741 : EE 20 		"  "		xri	020H
				;
F743 : CB 		" "		db	0CBH
				;
F744 : F3 		" "		di
				;
F745 : CB 		" "		db	0CBH
				;
F746 : E7 		" "		rst	4
F747 : 23 		"#"		inx	h
F748				LF748:
F748 : F8 		" "		rm
F749 : C6 20 		"  "		adi	020H
F74B : 40 		"@"		mov	b,b
F74C : C8 		" "		rz
F74D : E3 		" "		xthl
				;
F74E : CB 		" "		db	0CBH
				;
F74F : E7 		" "		rst	4
F750 : 21 78 FE 	"!x "		lxi	h,0FE78H
F753 : C3 48 F7 	" H "		jmp	LF748
				;
F756 : CF 		" "		rst	1
F757 : 47 		"G"		mov	b,a
F758 : FB 		" "		ei
				;
F759				GetLn:
F759 : 38 		"8"		db	038H
				;
F75A : 0F 		" "		rrc
F75B				LF75B:
F75B : C8 		" "		rz
F75C : CF 		" "		rst	1
F75D : F0 		" "		rp
F75E : C7 		" "		rst	0
F75F : E7 		" "		rst	4
F760 : 21 01 CB 	"!  "		lxi	h,0CB01H
F763				GetLn1:
F763 : CF 		" "		rst	1
				;
F764 : CB 		" "		db	0CBH
F765 : F6 		" "		db	0F6H
F766				LF766:
F766 : FE 		" "		db	0FEH
F767 : 08 		" "		db	008H
				;
F768 : C0 		" "		rnz
F769 : 73 		"s"		mov	m,e
F76A : F7 		" "		rst	6
F76B : CF 		" "		rst	1
F76C : D6 F8 		"  "		sui	0F8H
F76E : C3 63 F7 	" c "		jmp	GetLn1
				;
F771 : B7 		" "		ora	a
F772 : F0 		" "		rp
F773 : 7F 		" "		mov	a,a
F774 : F7 		" "		rst	6
F775 : FE C0 		"  "		cpi	0C0H
F777 : D8 		" "		rc
F778 : 9F 		" "		sbb	a
F779 : F7 		" "		rst	6
F77A : C3 63 F7 	" c "		jmp	GetLn1
				;
F77D : FE 20 		"  "		cpi	020H
F77F : F0 		" "		rp
F780 : 9F 		" "		sbb	a
F781 : F7 		" "		rst	6
F782 : FE 18 		"  "		cpi	018H
F784 : C8 		" "		rz
F785 : A8 		" "		xra	b
F786 : F7 		" "		rst	6
F787 : FE 08 		"  "		cpi	008H
F789 : C0 		" "		rnz
F78A : 8E 		" "		adc	m
F78B : F7 		" "		rst	6
F78C : 3E 0F 		"> "		mvi	a,00FH
F78E : FE 0F 		"  "		cpi	00FH
F790 : C0 		" "		rnz
F791 : 63 		"c"		mov	h,e
F792 : F7 		" "		rst	6
F793 : 77 		"w"		mov	m,a
F794 : CF 		" "		rst	1
F795 : BB 		" "		cmp	e
F796 : F8 		" "		rm
F797 : 7F 		" "		mov	a,a
				;
F798 : 30 		"0"		db	030H
				;
F799 : 00 		" "		nop
				;
F79A : CB 		" "		db	0CBH
				;
F79B : E3 		" "		xthl
				;
F79C : CB 		" "		db	0CBH
				;
F79D : 77 		"w"		mov	m,a
F79E : 23 		"#"		inx	h
F79F : CF 		" "		rst	1
F7A0 : F0 		" "		rp
F7A1 : C7 		" "		rst	0
F7A2 : 7F 		" "		mov	a,a
F7A3 : FE C0 		"  "		cpi	0C0H
F7A5 : C0 		" "		rnz
F7A6 : 63 		"c"		mov	h,e
F7A7 : F7 		" "		rst	6
F7A8				LF7A8:
F7A8 : 3E 5E 		">^"		mvi	a,05EH
F7AA : CF 		" "		rst	1
F7AB : F0 		" "		rp
F7AC : C7 		" "		rst	0
F7AD : CF 		" "		rst	1
F7AE : 47 		"G"		mov	b,a
F7AF : FB 		" "		ei
F7B0 : E3 		" "		xthl
F7B1 : C3 5B F7 	" [ "		jmp	LF75B
				;
F7B4				SetNor:
F7B4 : F7 		" "		rst	6
F7B5 : AF 		" "		xra	a
F7B6 : C3 BE F7 	"   "		jmp	LF7BE
				;
F7B9				SetInv:
F7B9 : F7 		" "		rst	6
F7BA : 3E FF 		"> "		mvi	a,0FFH
				;
F7BC : 30 		"0"		db	030H
				;
F7BD : 0B 		" "		dcx	b
F7BE				LF7BE:
F7BE : C8 		" "		rz
F7BF : F3 		" "		di
				;
F7C0 : CB 		" "		db	0CBH
				;
F7C1 : F7 		" "		rst	6
F7C2 : 3E 30 		">0"		mvi	a,030H
F7C4 : C3 C8 F7 	"   "		jmp	LF7C8
				;
F7C7 : F7 		" "		rst	6
F7C8				LF7C8:
F7C8 : 3E 40 		">@"		mvi	a,040H
				;
F7CA : 30 		"0"		db	030H
				;
F7CB : 2E C8 		". "		mvi	l,0C8H
F7CD : CF 		" "		rst	1
F7CE : EB 		" "		xchg
F7CF : F8 		" "		rm
F7D0 : F3 		" "		di
				;
F7D1 : CB 		" "		db	0CBH
				;
F7D2 : F7 		" "		rst	6
F7D3 : AF 		" "		xra	a
F7D4 : C3 D8 F7 	"   "		jmp	LF7D8
				;
F7D7 : F7 		" "		rst	6
F7D8				LF7D8:
F7D8 : 3E FF 		"> "		mvi	a,0FFH
				;
F7DA : 30 		"0"		db	030H
F7DB : 20 		" "		db	020H
				;
F7DC : C8 		" "		rz
F7DD : F3 		" "		di
				;
F7DE : CB 		" "		db	0CBH
				;
F7DF				LF7DF:
F7DF : D7 		" "		rst	2
F7E0 : 57 		"W"		mov	d,a
				;
F7E1 : 38 		"8"		db	038H
				;
F7E2 : 2E C8 		". "		mvi	l,0C8H
F7E4 : 3F 		"?"		cmc
F7E5 : B8 		" "		cmp	b
F7E6 : 78 		"x"		mov	a,b
				;
F7E7 : D3 		" "		db	0D3H
F7E8				LF7E8:
F7E8 : D8 		" "		db	0D8H
				;
F7E9 : D7 		" "		rst	2
F7EA : E7 		" "		rst	4
				;
F7EB : 30 		"0"		db	030H
				;
F7EC : 07 		" "		rlc
F7ED : C8 		" "		rz
F7EE : 5F 		"_"		mov	e,a
F7EF : 16 00 		"  "		mvi	d,000H
				;
F7F1 : 38 		"8"		db	038H
F7F2 : 08 		" "		db	008H
				;
F7F3 : C8 		" "		rz
F7F4 : 6F 		"o"		mov	l,a
F7F5 : 26 00 		"& "		mvi	h,000H
F7F7 : CF 		" "		rst	1
F7F8 : 00 		" "		nop
F7F9 : F8 		" "		rm
F7FA : C3 13 F8 	"   "		jmp	LF813
				;
F7FD				LF7FD:
F7FD : FE 1B 		"  "		cpi	01BH
F7FF : D0 		" "		rnc
F800 : D5 		" "		push	d
F801 : E5 		" "		push	h
F802 : 32 08 C8 	"2  "		sta	b_Row
F805 : 6F 		"o"		mov	l,a
F806 : 26 00 		"& "		mvi	h,000H
F808 : CD 02 FA 	"   "		call	mult64
F80B : 3A 07 C8 	":  "		lda	b_Column
F80E : 5F 		"_"		mov	e,a
F80F : 16 00 		"  "		mvi	d,000H
F811 : 19 		" "		dad	d
				;
F812 : 11 		" "		db	011H
F813				LF813:
F813 : C0 		" "		db	0C0H
				;
F814 : C9 		" "		ret
				;
F815 : 19 		" "		dad	d
F816 : 22 0A C8 	""  "		shld	b_crsr
F819 : E1 		" "		pop	h
F81A : D1 		" "		pop	d
F81B : C9 		" "		ret
				;
F81C				COut@:
F81C : F5 		" "		push	psw
F81D : 3A 22 C8 	":" "		lda	XC822
F820 : B7 		" "		ora	a
F821 : C2 4D F8 	" M "		jnz	LF84D
F824 : 3A 21 C8 	":! "		lda	b_ESCm
F827 : B7 		" "		ora	a
F828 : CA 6A F8 	" j "		jz	LF86A
F82B : AF 		" "		xra	a
F82C : 32 21 C8 	"2! "		sta	b_ESCm
F82F : F1 		" "		pop	psw
F830 : FE 2A 		" *"		cpi	02AH
F832 : CA A0 F9 	"   "		jz	HomCl
F835 : FE 54 		" T"		cpi	054H
F837 : CA B9 F8 	"   "		jz	LF8B9
F83A : FE 29 		" )"		cpi	029H
F83C : CA B4 F7 	"   "		jz	SetNor
F83F : FE 28 		" ("		cpi	028H
F841 : CA B9 F7 	"   "		jz	SetInv
F844 : FE 3D 		" ="		cpi	03DH
F846 : C0 		" "		rnz
F847 : 3E 02 		"> "		mvi	a,002H
F849 : 32 22 C8 	"2" "		sta	XC822
F84C : C9 		" "		ret
				;
F84D				LF84D:
F84D : FE 02 		"  "		cpi	002H
F84F : C2 60 F8 	" ` "		jnz	LF860
F852 : 3D 		"="		dcr	a
F853 : 32 22 C8 	"2" "		sta	XC822
F856 : F1 		" "		pop	psw
F857 : D6 20 		"  "		sui	020H
F859 : FE 19 		"  "		cpi	019H
F85B : D0 		" "		rnc
F85C : 32 08 C8 	"2  "		sta	b_Row
F85F : C9 		" "		ret
				;
F860				LF860:
F860 : AF 		" "		xra	a
F861 : 32 22 C8 	"2" "		sta	XC822
F864 : F1 		" "		pop	psw
F865 : D6 20 		"  "		sui	020H
F867 : C3 DF F7 	"   "		jmp	LF7DF
				;
F86A				LF86A:
F86A : F1 		" "		pop	psw
F86B : FE 1B 		"  "		cpi	01BH
F86D : C2 76 F8 	" v "		jnz	LF876
F870 : 3E FF 		"> "		mvi	a,0FFH
F872 : 32 21 C8 	"2! "		sta	b_ESCm
F875 : C9 		" "		ret
				;
F876				LF876:
F876 : FE 20 		"  "		cpi	020H
F878 : DA 81 F8 	"   "		jc	LF881
F87B : CD C1 F8 	"   "		call	LF8C1
F87E : C3 33 F9 	" 3 "		jmp	LF933
				;
F881				LF881:
F881 : FE 0D 		"  "		cpi	00DH
F883 : CA 47 F9 	" G "		jz	LF947
F886 : FE 07 		"  "		cpi	007H
F888 : CA 22 FA 	" " "		jz	doBeep
F88B : FE 08 		"  "		cpi	008H
F88D : CA 9D FA 	"   "		jz	LFA9D
F890 : FE 0B 		"  "		cpi	00BH
F892 : CA 7D FA 	" } "		jz	LFA7D
F895 : FE 0C 		"  "		cpi	00CH
F897 : CA B8 FA 	"   "		jz	LFAB8
F89A : FE 1E 		"  "		cpi	01EH
F89C : CA DA F9 	"   "		jz	Home
F89F : C9 		" "		ret
				;
F8A0				LF8A0:
F8A0 : C5 		" "		push	b
F8A1 : 3A 07 C8 	":  "		lda	b_Column
F8A4 : 47 		"G"		mov	b,a
F8A5 : 3A 2C C8 	":, "		lda	s_width
F8A8 : 90 		" "		sub	b
F8A9 : 47 		"G"		mov	b,a
F8AA				LF8AA:
F8AA : CA B4 F8 	"   "		jz	LF8B4
F8AD : CD 7B F9 	" { "		call	LF97B
F8B0 : 05 		" "		dcr	b
F8B1 : C3 AA F8 	"   "		jmp	LF8AA
				;
F8B4				LF8B4:
F8B4 : CD 9D FA 	"   "		call	LFA9D
F8B7 : C1 		" "		pop	b
F8B8 : C9 		" "		ret
				;
F8B9				LF8B9:
F8B9 : CD 		" "		db	0CDH
				;
F8BA : A0 		" "		ana	b
				;
F8BB				LF8BB:
F8BB : F8 		" "		db	0F8H
				;
F8BC : 3E 0D 		"> "		mvi	a,00DH
F8BE : C3 F0 C7 	"   "		jmp	OutVec
				;
F8C1				LF8C1:
F8C1 : E5 		" "		push	h
F8C2 : D5 		" "		push	d
F8C3 : C5 		" "		push	b
F8C4 : F5 		" "		push	psw
F8C5 : FE C0 		"  "		cpi	0C0H
F8C7 : DA CE F8 	"   "		jc	LF8CE
F8CA : F1 		" "		pop	psw
F8CB : C3 2F F9 	" / "		jmp	LF92F
				;
F8CE				LF8CE:
F8CE : D6 20 		"  "		sui	020H
F8D0 : 32 06 C8 	"2  "		sta	XC806
F8D3 : 01 09 FA 	"   "		lxi	b,rowAddr
F8D6 : 3A 08 C8 	":  "		lda	b_Row
F8D9 : 6F 		"o"		mov	l,a
F8DA : 26 00 		"& "		mvi	h,000H
F8DC : 09 		" "		dad	b
F8DD : 5E 		"^"		mov	e,m
F8DE : 2A 19 C8 	"*  "		lhld	b_c_img
F8E1 : 44 		"D"		mov	b,h
F8E2 : 4D 		"M"		mov	c,l
F8E3 : 3A 06 C8 	":  "		lda	XC806
F8E6 : 6F 		"o"		mov	l,a
F8E7 : 26 00 		"& "		mvi	h,000H
F8E9 : 29 		")"		dad	h
F8EA : 29 		")"		dad	h
F8EB : 29 		")"		dad	h
F8EC : 09 		" "		dad	b
F8ED : 0E 08 		"  "		mvi	c,008H
F8EF : 3A 20 C8 	":  "		lda	XC820
F8F2 : B7 		" "		ora	a
F8F3 : CA 00 F9 	"   "		jz	LF900
F8F6 : 3A 06 C8 	":  "		lda	XC806
F8F9 : 4F 		"O"		mov	c,a
F8FA : 06 00 		"  "		mvi	b,000H
F8FC : 09 		" "		dad	b
F8FD : 09 		" "		dad	b
F8FE : 0E 0A 		"  "		mvi	c,00AH
F900				LF900:
F900 : 3A 2C C8 	":, "		lda	s_width
F903 : FE 40 		" @"		cpi	040H
F905 : CA 24 FD 	" $ "		jz	Out64Col
F908 : 3A 07 C8 	":  "		lda	b_Column
F90B : 47 		"G"		mov	b,a
F90C : 3E FF 		"> "		mvi	a,0FFH
F90E : 90 		" "		sub	b
F90F : 57 		"W"		mov	d,a
F910 : 3A 09 C8 	":  "		lda	b_NormInv
F913 : 47 		"G"		mov	b,a
F914				LF914:
F914 : 7E 		"~"		mov	a,m
F915 : A8 		" "		xra	b
F916 : 12 		" "		stax	d
F917 : 1B 		" "		dcx	d
F918 : 23 		"#"		inx	h
F919 : 0D 		" "		dcr	c
F91A : C2 14 F9 	"   "		jnz	LF914
F91D : 3A 20 C8 	":  "		lda	XC820
F920 : B7 		" "		ora	a
F921 : C2 2A F9 	" * "		jnz	LF92A
F924 : 3A 09 C8 	":  "		lda	b_NormInv
F927 : 12 		" "		stax	d
F928 : 1B 		" "		dcx	d
F929 : 12 		" "		stax	d
F92A				LF92A:
F92A : F1 		" "		pop	psw
F92B : 2A 0A C8 	"*  "		lhld	b_crsr
F92E : 77 		"w"		mov	m,a
F92F				LF92F:
F92F : C1 		" "		pop	b
F930 : D1 		" "		pop	d
F931 : E1 		" "		pop	h
F932 : C9 		" "		ret
				;
F933				LF933:
F933 : E5 		" "		push	h
F934 : 2A 0A C8 	"*  "		lhld	b_crsr
F937 : 23 		"#"		inx	h
F938 : 22 0A C8 	""  "		shld	b_crsr
F93B : 3A 07 C8 	":  "		lda	b_Column
F93E : 3C 		"<"		inr	a
F93F : 21 2C C8 	"!, "		lxi	h,s_width
F942 : BE 		" "		cmp	m
F943 : E1 		" "		pop	h
F944 : C2 6D F9 	" m "		jnz	LF96D
F947				LF947:
F947 : D5 		" "		push	d
F948 : E5 		" "		push	h
F949 : 3A 08 C8 	":  "		lda	b_Row
F94C : 3C 		"<"		inr	a
F94D : FE 19 		"  "		cpi	019H
F94F : C2 57 F9 	" W "		jnz	LF957
F952 : CD 03 FB 	"   "		call	Scroll1
F955 : 3E 18 		"> "		mvi	a,018H
F957				LF957:
F957 : 32 08 C8 	"2  "		sta	b_Row
F95A : 6F 		"o"		mov	l,a
F95B : 26 00 		"& "		mvi	h,000H
F95D : CD 02 FA 	"   "		call	mult64
F960 : 11 C0 C9 	"   "		lxi	d,t_ScrImg
F963 : 19 		" "		dad	d
F964 : 22 0A C8 	""  "		shld	b_crsr
F967 : CD 83 F9 	"   "		call	LF983
F96A : AF 		" "		xra	a
F96B : E1 		" "		pop	h
F96C : D1 		" "		pop	d
F96D				LF96D:
F96D : 32 07 C8 	"2  "		sta	b_Column
F970 : C9 		" "		ret
				;
F971				prCRLF:
F971 : 3E 0D 		"> "		mvi	a,00DH
F973 : C3 F0 C7 	"   "		jmp	OutVec
				;
F976				prSpace:
F976 : 3E 20 		"> "		mvi	a,020H
F978 : C3 F0 C7 	"   "		jmp	OutVec
				;
F97B				LF97B:
F97B : 3E 20 		"> "		mvi	a,020H
F97D : CD C1 F8 	"   "		call	LF8C1
F980 : C3 33 F9 	" 3 "		jmp	LF933
				;
F983				LF983:
F983 : CD 70 FB 	" p "		call	LFB70
F986 : F8 		" "		rm
F987 : FE 20 		"  "		cpi	020H
F989 : CA 8F F9 	"   "		jz	LF98F
F98C : FE 13 		"  "		cpi	013H
F98E : C0 		" "		rnz
F98F				LF98F:
F98F : C5 		" "		push	b
F990 : 47 		"G"		mov	b,a
F991				LF991:
F991 : CD 70 FB 	" p "		call	LFB70
F994 : A8 		" "		xra	b
F995 : CA 91 F9 	"   "		jz	LF991
F998 : C1 		" "		pop	b
F999				LF999:
F999 : CD 70 FB 	" p "		call	LFB70
F99C : FA 99 F9 	"   "		jm	LF999
F99F : C9 		" "		ret
				;
F9A0				HomCl:
F9A0 : E5 		" "		push	h
F9A1 : D5 		" "		push	d
F9A2 : C5 		" "		push	b
F9A3 : F5 		" "		push	psw
F9A4 : 3A 09 C8 	":  "		lda	b_NormInv
F9A7 : 47 		"G"		mov	b,a
F9A8 : 4F 		"O"		mov	c,a
F9A9 : F1 		" "		pop	psw
F9AA : 21 00 00 	"!  "		lxi	h,L0000
F9AD : 39 		"9"		dad	sp
F9AE : 22 1E C8 	""  "		shld	XC81E
F9B1 : 31 00 00 	"1  "		lxi	sp,L0000
F9B4 : 16 30 		" 0"		mvi	d,030H
F9B6				LF9B6:
F9B6 : 1E 20 		"  "		mvi	e,020H
F9B8				LF9B8:
F9B8 : C5 		" "		push	b
F9B9 : C5 		" "		push	b
F9BA : C5 		" "		push	b
F9BB : C5 		" "		push	b
F9BC : 1D 		" "		dcr	e
F9BD : C2 B8 F9 	"   "		jnz	LF9B8
F9C0 : 15 		" "		dcr	d
F9C1 : C2 B6 F9 	"   "		jnz	LF9B6
F9C4 : 2A 1E C8 	"*  "		lhld	XC81E
F9C7 : F9 		" "		sphl
F9C8 : 21 C0 C9 	"!  "		lxi	h,t_ScrImg
F9CB : 11 40 06 	" @ "		lxi	d,00640H
F9CE : 06 20 		"  "		mvi	b,020H
F9D0 : CD EA F9 	"   "		call	Fill
F9D3 : CD DA F9 	"   "		call	Home
F9D6 : C1 		" "		pop	b
F9D7 : D1 		" "		pop	d
F9D8 : E1 		" "		pop	h
F9D9 : C9 		" "		ret
				;
F9DA				Home:
F9DA : E5 		" "		push	h
F9DB : AF 		" "		xra	a
F9DC : 32 07 C8 	"2  "		sta	b_Column
F9DF : 32 08 C8 	"2  "		sta	b_Row
F9E2 : 21 C0 C9 	"!  "		lxi	h,t_ScrImg
F9E5 : 22 0A C8 	""  "		shld	b_crsr
F9E8 : E1 		" "		pop	h
F9E9 : C9 		" "		ret
				;
F9EA				Fill:
F9EA : 7A 		"z"		mov	a,d
F9EB : B3 		" "		ora	e
F9EC : C8 		" "		rz
F9ED : 70 		"p"		mov	m,b
F9EE : 23 		"#"		inx	h
F9EF : 1B 		" "		dcx	d
F9F0 : C3 EA F9 	"   "		jmp	Fill
				;
F9F3				Move:
F9F3 : 79 		"y"		mov	a,c
F9F4 : BB 		" "		cmp	e
F9F5 : C2 FB F9 	"   "		jnz	LF9FB
F9F8 : 78 		"x"		mov	a,b
F9F9 : BA 		" "		cmp	d
F9FA : C8 		" "		rz
F9FB				LF9FB:
F9FB : 0A 		" "		ldax	b
F9FC : 77 		"w"		mov	m,a
F9FD : 03 		" "		inx	b
F9FE : 23 		"#"		inx	h
F9FF : C3 F3 F9 	"   "		jmp	Move
				;
FA02				mult64:
FA02 : 29 		")"		dad	h
FA03 : 29 		")"		dad	h
FA04 : 29 		")"		dad	h
FA05 : 29 		")"		dad	h
FA06 : 29 		")"		dad	h
FA07 : 29 		")"		dad	h
FA08 : C9 		" "		ret
				;
FA09				rowAddr:
FA09 : FF 		" "		db	0FFH
FA0A : F5 		" "		db	0F5H
FA0B : EB 		" "		db	0EBH
FA0C : E1 		" "		db	0E1H
FA0D : D7 		" "		db	0D7H
FA0E : CD 		" "		db	0CDH
FA0F : C3 		" "		db	0C3H
FA10 : B9 		" "		db	0B9H
FA11 : AF 		" "		db	0AFH
FA12 : A5 		" "		db	0A5H
FA13 : 9B 		" "		db	09BH
FA14 : 91 		" "		db	091H
FA15 : 87 		" "		db	087H
FA16 : 7D 		"}"		db	07DH
FA17 : 73 		"s"		db	073H
FA18 : 69 		"i"		db	069H
FA19 : 5F 		"_"		db	05FH
FA1A : 55 		"U"		db	055H
FA1B : 4B 		"K"		db	04BH
FA1C : 41 		"A"		db	041H
FA1D : 37 		"7"		db	037H
FA1E : 2D 		"-"		db	02DH
FA1F : 23 		"#"		db	023H
FA20 : 19 		" "		db	019H
FA21 : 0F 		" "		db	00FH
				;
FA22				doBeep:
FA22 : E5 		" "		push	h
FA23 : C5 		" "		push	b
FA24 : 01 FF 00 	"   "		lxi	b,000FFH
FA27				LFA27:
FA27 : D3 FF 		"  "		out	0FFH
FA29 : 21 1F 00 	"!  "		lxi	h,0001FH
FA2C : CD 38 FA 	" 8 "		call	wait
FA2F : 0B 		" "		dcx	b
FA30 : 78 		"x"		mov	a,b
FA31 : B1 		" "		ora	c
FA32 : C2 27 FA 	" ' "		jnz	LFA27
FA35 : C1 		" "		pop	b
FA36 : E1 		" "		pop	h
FA37 : C9 		" "		ret
				;
FA38				wait:
FA38 : E5 		" "		push	h
FA39 : F5 		" "		push	psw
FA3A : 00 		" "		nop
FA3B				LFA3B:
FA3B : 2B 		"+"		dcx	h
FA3C : 00 		" "		nop
FA3D : 7C 		"|"		mov	a,h
FA3E : B5 		" "		ora	l
FA3F : C2 3B FA 	" ; "		jnz	LFA3B
FA42 : F1 		" "		pop	psw
FA43 : E1 		" "		pop	h
FA44 : C9 		" "		ret
				;
FA45				RdKey@:
FA45 : E5 		" "		push	h
FA46 : D5 		" "		push	d
FA47 : C5 		" "		push	b
FA48 : 3A 09 C8 	":  "		lda	b_NormInv
FA4B : 57 		"W"		mov	d,a
FA4C				LFA4C:
FA4C : 3A 09 C8 	":  "		lda	b_NormInv
FA4F : 2F 		"/"		cma
FA50 : 32 09 C8 	"2  "		sta	b_NormInv
FA53 : 01 FF 01 	"   "		lxi	b,001FFH
FA56 : 2A 0A C8 	"*  "		lhld	b_crsr
FA59 : 7E 		"~"		mov	a,m
FA5A : CD C1 F8 	"   "		call	LF8C1
FA5D				LFA5D:
FA5D : 0B 		" "		dcx	b
FA5E : CD 70 FB 	" p "		call	LFB70
FA61 : F2 6C FA 	" l "		jp	LFA6C
FA64 : 78 		"x"		mov	a,b
FA65 : B1 		" "		ora	c
FA66 : C2 5D FA 	" ] "		jnz	LFA5D
FA69 : C3 4C FA 	" L "		jmp	LFA4C
				;
FA6C				LFA6C:
FA6C : F5 		" "		push	psw
FA6D : 7A 		"z"		mov	a,d
FA6E : 32 09 C8 	"2  "		sta	b_NormInv
FA71 : 2A 0A C8 	"*  "		lhld	b_crsr
FA74 : 7E 		"~"		mov	a,m
FA75 : CD C1 F8 	"   "		call	LF8C1
FA78 : F1 		" "		pop	psw
FA79 : C1 		" "		pop	b
FA7A : D1 		" "		pop	d
FA7B : E1 		" "		pop	h
FA7C : C9 		" "		ret
				;
FA7D				LFA7D:
FA7D : 3A 08 C8 	":  "		lda	b_Row
FA80 : 3D 		"="		dcr	a
FA81 : C3 FD F7 	"   "		jmp	LF7FD
				;
FA84				LFA84:
FA84 : 3A 08 C8 	":  "		lda	b_Row
FA87 : 3C 		"<"		inr	a
FA88 : FE 19 		"  "		cpi	019H
FA8A : C2 FD F7 	"   "		jnz	LF7FD
FA8D : 3A 07 C8 	":  "		lda	b_Column
FA90 : F5 		" "		push	psw
FA91 : CD 47 F9 	" G "		call	LF947
FA94 : 3E 18 		"> "		mvi	a,018H
FA96 : 32 08 C8 	"2  "		sta	b_Row
FA99 : F1 		" "		pop	psw
FA9A : C3 DF F7 	"   "		jmp	LF7DF
				;
FA9D				LFA9D:
FA9D : 3A 07 C8 	":  "		lda	b_Column
FAA0 : B7 		" "		ora	a
FAA1 : CA A8 FA 	"   "		jz	LFAA8
FAA4 : 3D 		"="		dcr	a
FAA5 : C3 DF F7 	"   "		jmp	LF7DF
				;
FAA8				LFAA8:
FAA8 : 3A 08 C8 	":  "		lda	b_Row
FAAB : B7 		" "		ora	a
FAAC : C8 		" "		rz
FAAD : 3D 		"="		dcr	a
FAAE : 32 08 C8 	"2  "		sta	b_Row
FAB1 : 3A 2C C8 	":, "		lda	s_width
FAB4 : 3D 		"="		dcr	a
FAB5 : C3 DF F7 	"   "		jmp	LF7DF
				;
FAB8				LFAB8:
FAB8 : C5 		" "		push	b
FAB9 : 3A 2C C8 	":, "		lda	s_width
FABC : 47 		"G"		mov	b,a
FABD : 3A 07 C8 	":  "		lda	b_Column
FAC0 : 3C 		"<"		inr	a
FAC1 : B8 		" "		cmp	b
FAC2 : C1 		" "		pop	b
FAC3 : C2 DF F7 	"   "		jnz	LF7DF
FAC6 : AF 		" "		xra	a
FAC7 : 32 07 C8 	"2  "		sta	b_Column
FACA : C3 84 FA 	"   "		jmp	LFA84
				;
FACD				LFACD:
FACD : E5 		" "		push	h
FACE : 2A 0A C8 	"*  "		lhld	b_crsr
FAD1 : 7E 		"~"		mov	a,m
FAD2 : E1 		" "		pop	h
FAD3 : C9 		" "		ret
				;
FAD4 : 2B 		"+"		dcx	h
FAD5 : 3E 00 		"> "		mvi	a,000H
FAD7 : BD 		" "		cmp	l
FAD8 : C2 E5 FA 	"   "		jnz	LFAE5
FADB : 3E C9 		"> "		mvi	a,0C9H
FADD : BC 		" "		cmp	h
FADE : C2 E5 FA 	"   "		jnz	LFAE5
FAE1 : F1 		" "		pop	psw
FAE2 : C3 A8 F7 	"   "		jmp	LF7A8
				;
FAE5				LFAE5:
FAE5 : CD 9D FA 	"   "		call	LFA9D
FAE8 : C9 		" "		ret
				;
FAE9 : C5 		" "		push	b
FAEA : CD DA F9 	"   "		call	Home
FAED : 06 19 		"  "		mvi	b,019H
FAEF				LFAEF:
FAEF : 3A 2C C8 	":, "		lda	s_width
FAF2 : 4F 		"O"		mov	c,a
FAF3				LFAF3:
FAF3 : CD CD FA 	"   "		call	LFACD
FAF6 : CD 1C F8 	"   "		call	COut@
FAF9 : 0D 		" "		dcr	c
FAFA : C2 F3 FA 	"   "		jnz	LFAF3
FAFD : 05 		" "		dcr	b
FAFE : C2 EF FA 	"   "		jnz	LFAEF
FB01 : C1 		" "		pop	b
FB02 : C9 		" "		ret
				;
FB03				Scroll1:
FB03 : E5 		" "		push	h
FB04 : D5 		" "		push	d
FB05 : C5 		" "		push	b
FB06 : CD 24 FB 	" $ "		call	LFB24
FB09 : 21 C0 C9 	"!  "		lxi	h,t_ScrImg
FB0C : 01 00 CA 	"   "		lxi	b,0CA00H
FB0F : 11 00 D0 	"   "		lxi	d,0D000H
FB12 : CD F3 F9 	"   "		call	Move
FB15 : 21 C0 CF 	"!  "		lxi	h,0CFC0H
FB18 : 11 40 00 	" @ "		lxi	d,00040H
FB1B : 06 20 		"  "		mvi	b,020H
FB1D : CD EA F9 	"   "		call	Fill
FB20 : C1 		" "		pop	b
FB21 : D1 		" "		pop	d
FB22 : E1 		" "		pop	h
FB23 : C9 		" "		ret
				;
FB24				LFB24:
FB24 : 21 C4 00 	"!  "		lxi	h,000C4H
FB27 : CD 51 FB 	" Q "		call	LFB51
FB2A : 21 00 00 	"!  "		lxi	h,L0000
FB2D : 39 		"9"		dad	sp
FB2E : 22 1E C8 	""  "		shld	XC81E
FB31 : 21 10 FF 	"!  "		lxi	h,0FF10H
FB34 : 3A 09 C8 	":  "		lda	b_NormInv
FB37 : 47 		"G"		mov	b,a
FB38 : 4F 		"O"		mov	c,a
FB39 : 3E 30 		">0"		mvi	a,030H
FB3B				fl_last:
FB3B : F9 		" "		sphl
FB3C : C5 		" "		push	b
FB3D : C5 		" "		push	b
FB3E : C5 		" "		push	b
FB3F : C5 		" "		push	b
FB40 : C5 		" "		push	b
FB41 : C5 		" "		push	b
FB42 : C5 		" "		push	b
FB43 : C5 		" "		push	b
FB44 : 21 10 FF 	"!  "		lxi	h,0FF10H
FB47 : 39 		"9"		dad	sp
FB48 : 3D 		"="		dcr	a
FB49 : C2 3B FB 	" ; "		jnz	fl_last
FB4C : 2A 1E C8 	"*  "		lhld	XC81E
FB4F : F9 		" "		sphl
FB50 : C9 		" "		ret
				;
FB51				LFB51:
FB51 : 22 24 C8 	""$ "		shld	XC824
FB54 : 21 6C FB 	"!l "		lxi	h,0FB6CH
FB57 : AF 		" "		xra	a
FB58 : 32 4F 00 	"2O "		sta	X004F
FB5B : 3A 4F 00 	":O "		lda	X004F
FB5E : B7 		" "		ora	a
FB5F : CA 65 FB 	" e "		jz	LFB65
FB62 : 21 6E FB 	"!n "		lxi	h,0FB6EH
FB65				LFB65:
FB65 : E5 		" "		push	h
FB66 : 2A 24 C8 	"*$ "		lhld	XC824
FB69 : D3 F3 		"  "		out	0F3H
FB6B : E9 		" "		pchl			;INFO: index jump
				;
FB6C : D3 FB 		"  "		out	0FBH
FB6E : C9 		" "		ret
				;
FB6F : FA 		" "		db	0FAH
FB70				LFB70:
FB70 : C5 		" "		db	0C5H
				;
FB71 : D5 		" "		push	d
FB72 : E5 		" "		push	h
FB73 : CD E2 FB 	"   "		call	LFBE2
FB76 : 4F 		"O"		mov	c,a
FB77 : FE FF 		"  "		cpi	0FFH
FB79 : C2 9D FB 	"   "		jnz	LFB9D
FB7C : 3A 27 C8 	":' "		lda	XC827
FB7F : FE FF 		"  "		cpi	0FFH
FB81 : CA E1 FD 	"   "		jz	LFDE1
FB84 : 21 B0 04 	"!  "		lxi	h,004B0H
FB87 : CD 38 FA 	" 8 "		call	wait
FB8A : CD E2 FB 	"   "		call	LFBE2
FB8D : 4F 		"O"		mov	c,a
FB8E : FE FF 		"  "		cpi	0FFH
FB90 : CA E1 FD 	"   "		jz	LFDE1
FB93 : 3A 27 C8 	":' "		lda	XC827
FB96 : B9 		" "		cmp	c
FB97 : CA DB FD 	"   "		jz	LFDDB
FB9A : C3 E3 FD 	"   "		jmp	LFDE3
				;
FB9D				LFB9D:
FB9D : 3A 27 C8 	":' "		lda	XC827
FBA0 : FE FF 		"  "		cpi	0FFH
FBA2 : CA C9 FB 	"   "		jz	LFBC9
FBA5 : B9 		" "		cmp	c
FBA6 : C2 E3 FD 	"   "		jnz	LFDE3
FBA9 : 2A 28 C8 	"*( "		lhld	XC828
FBAC : E5 		" "		push	h
FBAD : 21 28 00 	"!( "		lxi	h,L0028
FBB0 : 22 28 C8 	""( "		shld	XC828
FBB3 : E1 		" "		pop	h
FBB4				LFBB4:
FBB4 : CD E2 FB 	"   "		call	LFBE2
FBB7 : FE FF 		"  "		cpi	0FFH
FBB9 : CA E1 FD 	"   "		jz	LFDE1
FBBC : B9 		" "		cmp	c
FBBD : C2 E1 FD 	"   "		jnz	LFDE1
FBC0 : 2B 		"+"		dcx	h
FBC1 : 7C 		"|"		mov	a,h
FBC2 : B5 		" "		ora	l
FBC3 : C2 B4 FB 	"   "		jnz	LFBB4
FBC6 : C3 E9 FD 	"   "		jmp	LFDE9
				;
FBC9				LFBC9:
FBC9 : 21 DC 05 	"!  "		lxi	h,005DCH
FBCC : CD 38 FA 	" 8 "		call	wait
FBCF : CD E2 FB 	"   "		call	LFBE2
FBD2 : FE FF 		"  "		cpi	0FFH
FBD4 : CA E1 FD 	"   "		jz	LFDE1
FBD7 : B9 		" "		cmp	c
FBD8 : C2 E1 FD 	"   "		jnz	LFDE1
FBDB : C3 E3 FD 	"   "		jmp	LFDE3
				;
FBDE : 46 		"F"		mov	b,m
FBDF : 72 		"r"		mov	m,d
FBE0 : 65 		"e"		mov	h,l
				;
FBE1 : 21 		"!"		db	021H
FBE2				LFBE2:
FBE2 : C5 		" "		db	0C5H
				;
FBE3 : E5 		" "		push	h
FBE4 : 06 09 		"  "		mvi	b,009H
FBE6				LFBE6:
FBE6 : 78 		"x"		mov	a,b
FBE7 : D3 FC 		"  "		out	0FCH
FBE9 : DB F5 		"  "		in	0F5H
FBEB : B7 		" "		ora	a
FBEC : CA 07 FC 	"   "		jz	LFC07
FBEF : 0E 07 		"  "		mvi	c,007H
FBF1 : 16 80 		"  "		mvi	d,080H
FBF3				LFBF3:
FBF3 : 5F 		"_"		mov	e,a
FBF4				LFBF4:
FBF4 : 7B 		"{"		mov	a,e
FBF5 : A2 		" "		ana	d
FBF6 : CA FF FB 	"   "		jz	LFBFF
FBF9 : CD 33 FC 	" 3 "		call	LFC33
FBFC : D2 10 FC 	"   "		jnc	LFC10
FBFF				LFBFF:
FBFF : 7A 		"z"		mov	a,d
FC00 : B7 		" "		ora	a
FC01 : 1F 		" "		rar
FC02 : 57 		"W"		mov	d,a
FC03 : 0D 		" "		dcr	c
FC04 : F2 F4 FB 	"   "		jp	LFBF4
FC07				LFC07:
FC07 : 05 		" "		dcr	b
FC08 : F2 E6 FB 	"   "		jp	LFBE6
FC0B : 3E FF 		"> "		mvi	a,0FFH
FC0D : C3 2F FC 	" / "		jmp	LFC2F
				;
FC10				LFC10:
FC10 : 78 		"x"		mov	a,b
FC11 : 87 		" "		add	a
FC12 : 87 		" "		add	a
FC13 : 87 		" "		add	a
FC14 : 81 		" "		add	c
FC15 : CD 56 FC 	" V "		call	LFC56
FC18 : 2A 40 C8 	"*@ "		lhld	XC840
FC1B : D2 22 FC 	" " "		jnc	LFC22
FC1E : 11 50 00 	" P "		lxi	d,00050H
FC21 : 19 		" "		dad	d
FC22				LFC22:
FC22 : 5F 		"_"		mov	e,a
FC23 : 16 00 		"  "		mvi	d,000H
FC25 : 19 		" "		dad	d
FC26 : 7E 		"~"		mov	a,m
FC27 : CD 5F FC 	" _ "		call	LFC5F
FC2A : D2 2F FC 	" / "		jnc	LFC2F
FC2D : E6 1F 		"  "		ani	01FH
FC2F				LFC2F:
FC2F : B7 		" "		ora	a
FC30 : E1 		" "		pop	h
FC31 : C1 		" "		pop	b
FC32 : C9 		" "		ret
				;
FC33				LFC33:
FC33 : E5 		" "		push	h
FC34 : F5 		" "		push	psw
FC35 : 21 07 03 	"!  "		lxi	h,00307H
FC38 : CD 50 FC 	" P "		call	CmpBCHL
FC3B : CA 4C FC 	" L "		jz	LFC4C
FC3E : 21 07 08 	"!  "		lxi	h,00807H
FC41 : CD 50 FC 	" P "		call	CmpBCHL
FC44 : CA 4C FC 	" L "		jz	LFC4C
FC47 : F1 		" "		pop	psw
FC48 : B7 		" "		ora	a
FC49 : C3 4E FC 	" N "		jmp	LFC4E
				;
FC4C				LFC4C:
FC4C : F1 		" "		pop	psw
FC4D : 37 		"7"		stc
FC4E				LFC4E:
FC4E : E1 		" "		pop	h
FC4F : C9 		" "		ret
				;
FC50				CmpBCHL:
FC50 : 78 		"x"		mov	a,b
FC51 : BC 		" "		cmp	h
FC52 : C0 		" "		rnz
FC53 : 79 		"y"		mov	a,c
FC54 : BD 		" "		cmp	l
FC55 : C9 		" "		ret
				;
FC56				LFC56:
FC56 : C5 		" "		push	b
FC57 : 01 80 03 	"   "		lxi	b,00380H
FC5A : CD 68 FC 	" h "		call	LFC68
FC5D : C1 		" "		pop	b
FC5E : C9 		" "		ret
				;
FC5F				LFC5F:
FC5F : C5 		" "		push	b
FC60 : 01 80 08 	"   "		lxi	b,00880H
FC63 : CD 68 FC 	" h "		call	LFC68
FC66 : C1 		" "		pop	b
FC67 : C9 		" "		ret
				;
FC68				LFC68:
FC68 : F5 		" "		push	psw
FC69 : 78 		"x"		mov	a,b
FC6A : D3 FC 		"  "		out	0FCH
FC6C : DB F5 		"  "		in	0F5H
FC6E : A1 		" "		ana	c
FC6F : CA 75 FC 	" u "		jz	LFC75
FC72 : F1 		" "		pop	psw
FC73 : 37 		"7"		stc
FC74 : C9 		" "		ret
				;
FC75				LFC75:
FC75 : F1 		" "		pop	psw
FC76 : B7 		" "		ora	a
FC77 : C9 		" "		ret
				;
FC78 : 37 		"7"		stc
FC79 : 55 		"U"		mov	d,l
FC7A : 4A 		"J"		mov	c,d
FC7B : 4D 		"M"		mov	c,l
FC7C : 36 59 		"6Y"		mvi	m,059H
FC7E : 48 		"H"		mov	c,b
FC7F : 4E 		"N"		mov	c,m
				;
FC80 : 38 		"8"		db	038H
				;
FC81 : 49 		"I"		mov	c,c
FC82 : 4B 		"K"		mov	c,e
FC83 : 80 		" "		add	b
FC84 : 35 		"5"		dcr	m
FC85 : 54 		"T"		mov	d,h
FC86 : 47 		"G"		mov	b,a
FC87 : 42 		"B"		mov	b,d
FC88 : 39 		"9"		dad	sp
FC89 : 4F 		"O"		mov	c,a
FC8A : 4C 		"L"		mov	c,h
FC8B : 2C 		","		inr	l
FC8C : 34 		"4"		inr	m
FC8D : 52 		"R"		mov	d,d
FC8E : 46 		"F"		mov	b,m
FC8F : 56 		"V"		mov	d,m
				;
FC90 : FD 		" "		db	0FDH
FC91 : 08 		" "		db	008H
				;
FC92 : FA 20 F7 	"   "		jm	LF720
FC95 : F6 F8 		"  "		ori	0F8H
FC97 : FF 		" "		rst	7
				;
FC98 : 30 		"0"		db	030H
				;
FC99 : 50 		"P"		mov	d,b
FC9A : 9D 		" "		sbb	l
FC9B : 2E 33 		".3"		mvi	l,033H
FC9D : 45 		"E"		mov	b,l
FC9E : 44 		"D"		mov	b,h
FC9F : 43 		"C"		mov	b,e
FCA0 : 5B 		"["		mov	e,e
FCA1 : 40 		"@"		mov	b,b
FCA2 : 3A 2F 32 	":/2"		lda	X322F
FCA5 : 57 		"W"		mov	d,a
FCA6 : 53 		"S"		mov	d,e
FCA7 : 58 		"X"		mov	e,b
FCA8 : 5D 		"]"		mov	e,l
FCA9 : 2D 		"-"		dcr	l
FCAA : 3B 		";"		dcx	sp
FCAB : FB 		" "		ei
FCAC : 31 83 82 	"1  "		lxi	sp,08283H
FCAF : 81 		" "		add	c
FCB0 : 7F 		" "		mov	a,a
				;
FCB1 : 18 		" "		db	018H
				;
FCB2 : 0A 		" "		ldax	b
FCB3 : 13 		" "		inx	d
FCB4 : 03 		" "		inx	b
FCB5 : 51 		"Q"		mov	d,c
FCB6 : 41 		"A"		mov	b,c
FCB7 : 5A 		"Z"		mov	e,d
FCB8 : 5E 		"^"		mov	e,m
FCB9 : 0D 		" "		dcr	c
FCBA : FE FC 		"  "		cpi	0FCH
FCBC : 1B 		" "		dcx	d
FCBD : 5C 		"\"		mov	e,h
FCBE : 09 		" "		dad	b
FCBF : FF 		" "		rst	7
FCC0 : 1A 		" "		ldax	d
FCC1 : 16 11 		"  "		mvi	d,011H
				;
FCC3 : 10 		" "		db	010H
				;
FCC4 : 0F 		" "		rrc
FCC5 : 0B 		" "		dcx	b
FCC6 : 0A 		" "		ldax	b
FCC7 : 02 		" "		stax	b
FCC8 : 27 		"'"		daa
FCC9 : 75 		"u"		mov	m,l
FCCA : 6A 		"j"		mov	l,d
FCCB : 6D 		"m"		mov	l,l
FCCC : 26 79 		"&y"		mvi	h,079H
FCCE : 68 		"h"		mov	l,b
FCCF : 6E 		"n"		mov	l,m
				;
FCD0 : 28 		"("		db	028H
				;
FCD1 : 69 		"i"		mov	l,c
FCD2 : 6B 		"k"		mov	l,e
FCD3 : A0 		" "		ana	b
FCD4 : 25 		"%"		dcr	h
FCD5 : 74 		"t"		mov	m,h
FCD6 : 67 		"g"		mov	h,a
FCD7 : 62 		"b"		mov	h,d
FCD8 : 29 		")"		dad	h
FCD9 : 6F 		"o"		mov	l,a
FCDA : 6C 		"l"		mov	l,h
FCDB : 3C 		"<"		inr	a
FCDC : 24 		"$"		inr	h
FCDD : 72 		"r"		mov	m,d
FCDE : 66 		"f"		mov	h,m
FCDF : 76 		"v"		hlt
				;
FCE0 : FD 		" "		db	0FDH
FCE1 : 08 		" "		db	008H
				;
FCE2 : FA 20 F7 	"   "		jm	LF720
FCE5 : F6 F8 		"  "		ori	0F8H
FCE7 : FF 		" "		rst	7
FCE8 : 5F 		"_"		mov	e,a
FCE9 : 70 		"p"		mov	m,b
FCEA : BD 		" "		cmp	l
FCEB : 3E 23 		">#"		mvi	a,023H
FCED : 65 		"e"		mov	h,l
FCEE : 64 		"d"		mov	h,h
FCEF : 63 		"c"		mov	h,e
FCF0 : 7B 		"{"		mov	a,e
FCF1 : 60 		"`"		mov	h,b
FCF2 : 2A 3F 22 	"*?""		lhld	X223F
FCF5 : 77 		"w"		mov	m,a
FCF6 : 73 		"s"		mov	m,e
FCF7 : 78 		"x"		mov	a,b
FCF8 : 7D 		"}"		mov	a,l
FCF9 : 3D 		"="		dcr	a
FCFA : 2B 		"+"		dcx	h
FCFB : FB 		" "		ei
FCFC : 21 A3 A2 	"!  "		lxi	h,0A2A3H
FCFF : A1 		" "		ana	c
FD00 : 7F 		" "		mov	a,a
				;
FD01 : 18 		" "		db	018H
				;
FD02 : 0A 		" "		ldax	b
FD03 : 13 		" "		inx	d
FD04 : 03 		" "		inx	b
FD05 : 71 		"q"		mov	m,c
FD06 : 61 		"a"		mov	h,c
FD07 : 7A 		"z"		mov	a,d
FD08 : 7E 		"~"		mov	a,m
FD09 : 0D 		" "		dcr	c
FD0A : FE FC 		"  "		cpi	0FCH
FD0C : 1B 		" "		dcx	d
FD0D : 7C 		"|"		mov	a,h
FD0E : 09 		" "		dad	b
FD0F : FF 		" "		rst	7
FD10 : 1A 		" "		ldax	d
FD11 : 16 11 		"  "		mvi	d,011H
				;
FD13 : 10 		" "		db	010H
				;
FD14 : 0F 		" "		rrc
FD15 : 0B 		" "		dcx	b
FD16 : 0A 		" "		ldax	b
FD17 : 02 		" "		stax	b
FD18 : 00 		" "		nop
FD19 : C3 F1 EC 	"   "		jmp	LECF1
				;
FD1C : 00 		" "		nop
FD1D : C3 F4 EC 	"   "		jmp	LECF4
				;
FD20 : 00 		" "		nop
FD21 : C3 F7 EC 	"   "		jmp	LECF7
				;
FD24				Out64Col:
FD24 : AF 		" "		xra	a
FD25 : 32 4F 00 	"2O "		sta	X004F
FD28 : 3A 4F 00 	":O "		lda	X004F
FD2B : 32 3F C8 	"2? "		sta	XC83F
FD2E : D3 F3 		"  "		out	0F3H
FD30 : 7B 		"{"		mov	a,e
FD31 : EB 		" "		xchg
FD32 : 6F 		"o"		mov	l,a
FD33 : 3A 07 C8 	":  "		lda	b_Column
FD36 : 0F 		" "		rrc
FD37 : 0F 		" "		rrc
FD38 : E6 1F 		"  "		ani	01FH
FD3A : 67 		"g"		mov	h,a
FD3B : 84 		" "		add	h
FD3C : 84 		" "		add	h
FD3D : 2F 		"/"		cma
FD3E : 67 		"g"		mov	h,a
FD3F : 3A 07 C8 	":  "		lda	b_Column
FD42 : 0F 		" "		rrc
FD43 : DA 4D FD 	" M "		jc	d0Is1
FD46 : 0F 		" "		rrc
FD47 : DA 82 FD 	"   "		jc	LFD82
FD4A : C3 54 FD 	" T "		jmp	Col_00
				;
FD4D				d0Is1:
FD4D : 0F 		" "		rrc
FD4E : DA 9A FD 	"   "		jc	LFD9A
FD51 : C3 6B FD 	" k "		jmp	LFD6B
				;
FD54				Col_00:
FD54 : 0E 08 		"  "		mvi	c,008H
FD56 : CD BF FD 	"   "		call	LFDBF
FD59 : 3A 20 C8 	":  "		lda	XC820
FD5C : B7 		" "		ora	a
FD5D : C2 63 FD 	" c "		jnz	LFD63
FD60 : 11 D9 FD 	"   "		lxi	d,0FDD9H
FD63				LFD63:
FD63 : 0E 02 		"  "		mvi	c,002H
FD65 : CD BF FD 	"   "		call	LFDBF
FD68 : C3 B3 FD 	"   "		jmp	LFDB3
				;
FD6B				LFD6B:
FD6B : 3E 08 		"> "		mvi	a,008H
FD6D : CD C3 FD 	"   "		call	LFDC3
FD70 : 3A 20 C8 	":  "		lda	XC820
FD73 : B7 		" "		ora	a
FD74 : C2 7A FD 	" z "		jnz	LFD7A
FD77 : 11 D9 FD 	"   "		lxi	d,0FDD9H
FD7A				LFD7A:
FD7A : 3E 02 		"> "		mvi	a,002H
FD7C : CD C3 FD 	"   "		call	LFDC3
FD7F : C3 B3 FD 	"   "		jmp	LFDB3
				;
FD82				LFD82:
FD82 : 25 		"%"		dcr	h
FD83 : 3E 08 		"> "		mvi	a,008H
FD85 : CD CC FD 	"   "		call	LFDCC
FD88 : 3A 20 C8 	":  "		lda	XC820
FD8B : B7 		" "		ora	a
FD8C : C2 92 FD 	"   "		jnz	LFD92
FD8F : 11 D9 FD 	"   "		lxi	d,0FDD9H
FD92				LFD92:
FD92 : 3E 02 		"> "		mvi	a,002H
FD94 : CD CC FD 	"   "		call	LFDCC
FD97 : C3 B3 FD 	"   "		jmp	LFDB3
				;
FD9A				LFD9A:
FD9A : 25 		"%"		dcr	h
FD9B : 25 		"%"		dcr	h
FD9C : 0E 08 		"  "		mvi	c,008H
FD9E : CD D5 FD 	"   "		call	LFDD5
FDA1 : 3A 20 C8 	":  "		lda	XC820
FDA4 : B7 		" "		ora	a
FDA5 : C2 AB FD 	"   "		jnz	LFDAB
FDA8 : 11 D9 FD 	"   "		lxi	d,0FDD9H
FDAB				LFDAB:
FDAB : 0E 02 		"  "		mvi	c,002H
FDAD : CD D5 FD 	"   "		call	LFDD5
FDB0 : C3 B3 FD 	"   "		jmp	LFDB3
				;
FDB3				LFDB3:
FDB3 : 3A 3F C8 	":? "		lda	XC83F
FDB6 : B7 		" "		ora	a
FDB7 : C2 2A F9 	" * "		jnz	LF92A
FDBA : D3 FB 		"  "		out	0FBH
FDBC : C3 2A F9 	" * "		jmp	LF92A
				;
FDBF				LFDBF:
FDBF : 1A 		" "		ldax	d
FDC0 : C3 4A 00 	" J "		jmp	L004A
				;
FDC3				LFDC3:
FDC3 : F5 		" "		push	psw
FDC4 : 3A 09 C8 	":  "		lda	b_NormInv
FDC7 : 4F 		"O"		mov	c,a
FDC8 : 1A 		" "		ldax	d
FDC9 : C3 60 00 	" ` "		jmp	L0060
				;
FDCC				LFDCC:
FDCC : F5 		" "		push	psw
FDCD : 3A 09 C8 	":  "		lda	b_NormInv
FDD0 : 4F 		"O"		mov	c,a
FDD1 : 1A 		" "		ldax	d
FDD2 : C3 81 00 	"   "		jmp	L0081
				;
FDD5				LFDD5:
FDD5 : 1A 		" "		ldax	d
FDD6 : C3 A0 00 	"   "		jmp	L00A0
				;
FDD9 : 00 		" "		nop
FDDA : 00 		" "		nop
FDDB				LFDDB:
FDDB : 3E FF 		"> "		mvi	a,0FFH
FDDD				LFDDD:
FDDD : B7 		" "		ora	a
FDDE : C3 F5 FD 	"   "		jmp	LFDF5
				;
FDE1				LFDE1:
FDE1 : 0E FF 		"  "		mvi	c,0FFH
FDE3				LFDE3:
FDE3 : 21 FF 02 	"!  "		lxi	h,002FFH
FDE6 : 22 28 C8 	""( "		shld	XC828
FDE9				LFDE9:
FDE9 : 79 		"y"		mov	a,c
FDEA : 32 27 C8 	"2' "		sta	XC827
FDED : FE FF 		"  "		cpi	0FFH
FDEF : CA DD FD 	"   "		jz	LFDDD
FDF2 : 4F 		"O"		mov	c,a
FDF3 : AF 		" "		xra	a
FDF4 : 79 		"y"		mov	a,c
FDF5				LFDF5:
FDF5 : E1 		" "		pop	h
FDF6 : D1 		" "		pop	d
FDF7 : C1 		" "		pop	b
FDF8 : C9 		" "		ret
				;
FDF9 : FF 		" "		rst	7
FDFA : FF 		" "		rst	7
FDFB : FF 		" "		rst	7
FDFC : FF 		" "		rst	7
FDFD : FF 		" "		rst	7
FDFE : FF 		" "		rst	7
FDFF : FF 		" "		rst	7
FE00 : FF 		" "		rst	7
FE01 : FF 		" "		rst	7
FE02 : FF 		" "		rst	7
FE03 : FF 		" "		rst	7
FE04 : FF 		" "		rst	7
FE05 : FF 		" "		rst	7
FE06 : FF 		" "		rst	7
FE07 : FF 		" "		rst	7
FE08 : FF 		" "		rst	7
FE09 : FF 		" "		rst	7
FE0A : FF 		" "		rst	7
FE0B : FF 		" "		rst	7
FE0C : FF 		" "		rst	7
FE0D : FF 		" "		rst	7
FE0E : FF 		" "		rst	7
FE0F : FF 		" "		rst	7
FE10 : FF 		" "		rst	7
FE11 : FF 		" "		rst	7
FE12 : FF 		" "		rst	7
FE13 : FF 		" "		rst	7
FE14 : FF 		" "		rst	7
FE15 : FF 		" "		rst	7
FE16 : FF 		" "		rst	7
FE17 : FF 		" "		rst	7
FE18 : FF 		" "		rst	7
FE19 : FF 		" "		rst	7
FE1A : FF 		" "		rst	7
FE1B : FF 		" "		rst	7
FE1C : FF 		" "		rst	7
FE1D : FF 		" "		rst	7
FE1E : FF 		" "		rst	7
FE1F : FF 		" "		rst	7
FE20 : FF 		" "		rst	7
FE21 : FF 		" "		rst	7
FE22 : FF 		" "		rst	7
FE23 : FF 		" "		rst	7
FE24 : FF 		" "		rst	7
FE25 : FF 		" "		rst	7
FE26 : FF 		" "		rst	7
FE27 : FF 		" "		rst	7
FE28 : FF 		" "		rst	7
FE29 : FF 		" "		rst	7
FE2A : FF 		" "		rst	7
FE2B : FF 		" "		rst	7
FE2C : FF 		" "		rst	7
FE2D : FF 		" "		rst	7
FE2E : FF 		" "		rst	7
FE2F : FF 		" "		rst	7
FE30 : FF 		" "		rst	7
FE31 : FF 		" "		rst	7
FE32 : FF 		" "		rst	7
FE33 : FF 		" "		rst	7
FE34 : FF 		" "		rst	7
FE35 : FF 		" "		rst	7
FE36 : FF 		" "		rst	7
FE37 : FF 		" "		rst	7
FE38 : FF 		" "		rst	7
FE39 : FF 		" "		rst	7
FE3A : FF 		" "		rst	7
FE3B : FF 		" "		rst	7
FE3C : FF 		" "		rst	7
FE3D : FF 		" "		rst	7
FE3E : FF 		" "		rst	7
FE3F : FF 		" "		rst	7
FE40 : FF 		" "		rst	7
FE41 : FF 		" "		rst	7
FE42 : FF 		" "		rst	7
FE43 : FF 		" "		rst	7
FE44 : FF 		" "		rst	7
FE45 : FF 		" "		rst	7
FE46 : FF 		" "		rst	7
FE47 : FF 		" "		rst	7
FE48 : FF 		" "		rst	7
FE49 : FF 		" "		rst	7
FE4A : FF 		" "		rst	7
FE4B : FF 		" "		rst	7
FE4C : FF 		" "		rst	7
FE4D : FF 		" "		rst	7
FE4E : FF 		" "		rst	7
FE4F : FF 		" "		rst	7
FE50 : FF 		" "		rst	7
FE51 : FF 		" "		rst	7
FE52 : FF 		" "		rst	7
FE53 : FF 		" "		rst	7
FE54 : FF 		" "		rst	7
FE55 : FF 		" "		rst	7
FE56 : FF 		" "		rst	7
FE57 : FF 		" "		rst	7
FE58 : FF 		" "		rst	7
FE59 : FF 		" "		rst	7
FE5A : FF 		" "		rst	7
FE5B : FF 		" "		rst	7
FE5C : FF 		" "		rst	7
FE5D : FF 		" "		rst	7
FE5E : FF 		" "		rst	7
FE5F : FF 		" "		rst	7
FE60 : FF 		" "		rst	7
FE61 : FF 		" "		rst	7
FE62 : FF 		" "		rst	7
FE63 : FF 		" "		rst	7
FE64 : FF 		" "		rst	7
FE65 : FF 		" "		rst	7
FE66 : FF 		" "		rst	7
FE67 : FF 		" "		rst	7
FE68 : FF 		" "		rst	7
FE69 : FF 		" "		rst	7
FE6A : FF 		" "		rst	7
FE6B : FF 		" "		rst	7
FE6C : FF 		" "		rst	7
FE6D : FF 		" "		rst	7
FE6E : FF 		" "		rst	7
FE6F : FF 		" "		rst	7
FE70 : FF 		" "		rst	7
FE71 : FF 		" "		rst	7
FE72 : FF 		" "		rst	7
FE73 : FF 		" "		rst	7
FE74 : FF 		" "		rst	7
FE75 : FF 		" "		rst	7
FE76 : FF 		" "		rst	7
FE77 : FF 		" "		rst	7
FE78 : FF 		" "		rst	7
FE79 : FF 		" "		rst	7
FE7A : FF 		" "		rst	7
FE7B : FF 		" "		rst	7
FE7C : FF 		" "		rst	7
FE7D : FF 		" "		rst	7
FE7E : FF 		" "		rst	7
FE7F				LFE7F:
FE7F : FF 		" "		rst	7
FE80 : FF 		" "		rst	7
FE81 : FF 		" "		rst	7
FE82 : FF 		" "		rst	7
FE83 : FF 		" "		rst	7
FE84 : FF 		" "		rst	7
FE85 : FF 		" "		rst	7
FE86 : FF 		" "		rst	7
FE87 : FF 		" "		rst	7
FE88 : FF 		" "		rst	7
FE89 : FF 		" "		rst	7
FE8A : FF 		" "		rst	7
FE8B : FF 		" "		rst	7
FE8C : FF 		" "		rst	7
FE8D : FF 		" "		rst	7
FE8E : FF 		" "		rst	7
FE8F : FF 		" "		rst	7
FE90 : FF 		" "		rst	7
FE91 : FF 		" "		rst	7
FE92 : FF 		" "		rst	7
FE93 : FF 		" "		rst	7
FE94 : FF 		" "		rst	7
FE95 : FF 		" "		rst	7
FE96 : FF 		" "		rst	7
FE97 : FF 		" "		rst	7
FE98 : FF 		" "		rst	7
FE99 : FF 		" "		rst	7
FE9A : FF 		" "		rst	7
FE9B : FF 		" "		rst	7
FE9C : FF 		" "		rst	7
FE9D : FF 		" "		rst	7
FE9E : FF 		" "		rst	7
FE9F : FF 		" "		rst	7
FEA0 : FF 		" "		rst	7
FEA1 : FF 		" "		rst	7
FEA2 : FF 		" "		rst	7
FEA3 : FF 		" "		rst	7
FEA4 : FF 		" "		rst	7
FEA5 : FF 		" "		rst	7
FEA6 : FF 		" "		rst	7
FEA7 : FF 		" "		rst	7
FEA8 : FF 		" "		rst	7
FEA9 : FF 		" "		rst	7
FEAA : FF 		" "		rst	7
FEAB : FF 		" "		rst	7
FEAC : FF 		" "		rst	7
FEAD : FF 		" "		rst	7
FEAE : FF 		" "		rst	7
FEAF : FF 		" "		rst	7
FEB0 : FF 		" "		rst	7
FEB1 : FF 		" "		rst	7
FEB2 : FF 		" "		rst	7
FEB3 : FF 		" "		rst	7
FEB4 : FF 		" "		rst	7
FEB5 : FF 		" "		rst	7
FEB6 : FF 		" "		rst	7
FEB7 : FF 		" "		rst	7
FEB8 : FF 		" "		rst	7
FEB9 : FF 		" "		rst	7
FEBA : FF 		" "		rst	7
FEBB : FF 		" "		rst	7
FEBC : FF 		" "		rst	7
FEBD : FF 		" "		rst	7
FEBE : FF 		" "		rst	7
FEBF : FF 		" "		rst	7
FEC0 : FF 		" "		rst	7
FEC1 : FF 		" "		rst	7
FEC2 : FF 		" "		rst	7
FEC3 : FF 		" "		rst	7
FEC4 : FF 		" "		rst	7
FEC5 : FF 		" "		rst	7
FEC6 : FF 		" "		rst	7
FEC7 : FF 		" "		rst	7
FEC8 : FF 		" "		rst	7
FEC9 : FF 		" "		rst	7
FECA : FF 		" "		rst	7
FECB : FF 		" "		rst	7
FECC : FF 		" "		rst	7
FECD : FF 		" "		rst	7
FECE : FF 		" "		rst	7
FECF : FF 		" "		rst	7
FED0 : FF 		" "		rst	7
FED1 : FF 		" "		rst	7
FED2 : FF 		" "		rst	7
FED3 : FF 		" "		rst	7
FED4 : FF 		" "		rst	7
FED5 : FF 		" "		rst	7
FED6 : FF 		" "		rst	7
FED7 : FF 		" "		rst	7
FED8 : FF 		" "		rst	7
FED9 : FF 		" "		rst	7
FEDA : FF 		" "		rst	7
FEDB : FF 		" "		rst	7
FEDC : FF 		" "		rst	7
FEDD : FF 		" "		rst	7
FEDE : FF 		" "		rst	7
FEDF : FF 		" "		rst	7
FEE0 : FF 		" "		rst	7
FEE1 : FF 		" "		rst	7
FEE2 : FF 		" "		rst	7
FEE3 : FF 		" "		rst	7
FEE4 : FF 		" "		rst	7
FEE5 : FF 		" "		rst	7
FEE6 : FF 		" "		rst	7
FEE7 : FF 		" "		rst	7
FEE8 : FF 		" "		rst	7
FEE9 : FF 		" "		rst	7
FEEA : FF 		" "		rst	7
FEEB : FF 		" "		rst	7
FEEC : FF 		" "		rst	7
FEED : FF 		" "		rst	7
FEEE : FF 		" "		rst	7
FEEF : FF 		" "		rst	7
FEF0 : FF 		" "		rst	7
FEF1 : FF 		" "		rst	7
FEF2 : FF 		" "		rst	7
FEF3 : FF 		" "		rst	7
FEF4 : FF 		" "		rst	7
FEF5 : FF 		" "		rst	7
FEF6 : FF 		" "		rst	7
FEF7 : FF 		" "		rst	7
FEF8 : FF 		" "		rst	7
FEF9 : FF 		" "		rst	7
FEFA : FF 		" "		rst	7
FEFB : FF 		" "		rst	7
FEFC : FF 		" "		rst	7
FEFD : FF 		" "		rst	7
FEFE : FF 		" "		rst	7
FEFF : FF 		" "		rst	7
FF00 : FF 		" "		rst	7
FF01 : FF 		" "		rst	7
FF02 : FF 		" "		rst	7
FF03 : FF 		" "		rst	7
FF04 : FF 		" "		rst	7
FF05 : FF 		" "		rst	7
FF06 : FF 		" "		rst	7
FF07 : FF 		" "		rst	7
FF08 : FF 		" "		rst	7
FF09 : FF 		" "		rst	7
FF0A : FF 		" "		rst	7
FF0B : FF 		" "		rst	7
FF0C : FF 		" "		rst	7
FF0D : FF 		" "		rst	7
FF0E : FF 		" "		rst	7
FF0F : FF 		" "		rst	7
FF10 : FF 		" "		rst	7
FF11 : FF 		" "		rst	7
FF12 : FF 		" "		rst	7
FF13 : FF 		" "		rst	7
FF14 : FF 		" "		rst	7
FF15 : FF 		" "		rst	7
FF16 : FF 		" "		rst	7
FF17 : FF 		" "		rst	7
FF18				LFF18:
FF18 : FF 		" "		rst	7
FF19 : FF 		" "		rst	7
FF1A : FF 		" "		rst	7
FF1B : FF 		" "		rst	7
FF1C : FF 		" "		rst	7
FF1D : FF 		" "		rst	7
FF1E				LFF1E:
FF1E : FF 		" "		rst	7
FF1F : FF 		" "		rst	7
FF20				LFF20:
FF20 : D3 F2 		"  "		out	0F2H
FF22 : 3E 20 		"> "		mvi	a,020H
FF24 : D3 FC 		"  "		out	0FCH
FF26 : 00 		" "		nop
FF27 : C5 		" "		push	b
FF28 : D5 		" "		push	d
FF29 : E5 		" "		push	h
FF2A : E1 		" "		pop	h
FF2B : 4E 		"N"		mov	c,m
FF2C : EB 		" "		xchg
FF2D : 06 08 		"  "		mvi	b,008H
FF2F : 2E 00 		". "		mvi	l,000H
FF31 : CD 5A FF 	" Z "		call	LFF5A
FF34 : D1 		" "		pop	d
FF35 : 7F 		" "		mov	a,a
FF36 : 7F 		" "		mov	a,a
FF37 : 79 		"y"		mov	a,c
FF38 : D6 08 		"  "		sui	008H
FF3A : 47 		"G"		mov	b,a
FF3B : CA 4C FF 	" L "		jz	LFF4C
FF3E : DA 4F FF 	" O "		jc	LFF4F
FF41 : D6 80 		"  "		sui	080H
FF43 : CA 49 FF 	" I "		jz	LFF49
FF46 : 06 80 		"  "		mvi	b,080H
FF48 : 2C 		","		inr	l
FF49				LFF49:
FF49 : CD 5A FF 	" Z "		call	LFF5A
FF4C				LFF4C:
FF4C : 7D 		"}"		mov	a,l
FF4D : D3 F8 		"  "		out	0F8H
FF4F				LFF4F:
FF4F : E3 		" "		xthl
FF50 : E3 		" "		xthl
FF51 : C1 		" "		pop	b
FF52 : 7F 		" "		mov	a,a
FF53 : 7F 		" "		mov	a,a
FF54 : AF 		" "		xra	a
FF55 : D3 FC 		"  "		out	0FCH
FF57 : D3 F8 		"  "		out	0F8H
FF59 : C9 		" "		ret
				;
FF5A				LFF5A:
FF5A : 1A 		" "		ldax	d
FF5B : D3 F8 		"  "		out	0F8H
FF5D : AD 		" "		xra	l
FF5E : 6F 		"o"		mov	l,a
FF5F : 7F 		" "		mov	a,a
FF60 : 00 		" "		nop
FF61 : 00 		" "		nop
FF62 : 13 		" "		inx	d
FF63 : 05 		" "		dcr	b
FF64 : C2 5A FF 	" Z "		jnz	LFF5A
FF67 : C9 		" "		ret
				;
FF68				LFF68:
FF68 : DB FD 		"  "		in	0FDH
FF6A : 12 		" "		stax	d
FF6B : A9 		" "		xra	c
FF6C : 4F 		"O"		mov	c,a
FF6D : 00 		" "		nop
FF6E : 00 		" "		nop
FF6F : 00 		" "		nop
FF70 : 13 		" "		inx	d
FF71 : 05 		" "		dcr	b
FF72 : C2 68 FF 	" h "		jnz	LFF68
FF75 : C9 		" "		ret
				;
FF76 : C5 		" "		push	b
FF77 : E5 		" "		push	h
FF78 : D5 		" "		push	d
FF79 : 06 08 		"  "		mvi	b,008H
FF7B : EB 		" "		xchg
FF7C : 0E 00 		"  "		mvi	c,000H
FF7E : CD 68 FF 	" h "		call	LFF68
FF81 : D1 		" "		pop	d
FF82 : E1 		" "		pop	h
FF83 : 7E 		"~"		mov	a,m
FF84 : D6 08 		"  "		sui	008H
FF86 : 47 		"G"		mov	b,a
FF87 : CA 98 FF 	"   "		jz	LFF98
FF8A : DA 9B FF 	"   "		jc	LFF9B
FF8D : D6 80 		"  "		sui	080H
FF8F : CA 95 FF 	"   "		jz	LFF95
FF92 : 06 80 		"  "		mvi	b,080H
FF94 : 00 		" "		nop
FF95				LFF95:
FF95 : CD 68 FF 	" h "		call	LFF68
FF98				LFF98:
FF98 : DB FD 		"  "		in	0FDH
FF9A : B9 		" "		cmp	c
FF9B				LFF9B:
FF9B : C1 		" "		pop	b
FF9C : 7F 		" "		mov	a,a
FF9D : 7F 		" "		mov	a,a
FF9E : C9 		" "		ret
				;
FF9F : D3 F2 		"  "		out	0F2H
FFA1 : D3 F8 		"  "		out	0F8H
FFA3 : 3E 10 		"> "		mvi	a,010H
FFA5 : D3 FC 		"  "		out	0FCH
FFA7 : E3 		" "		xthl
FFA8 : E3 		" "		xthl
FFA9 : AF 		" "		xra	a
FFAA : D3 FC 		"  "		out	0FCH
FFAC : E3 		" "		xthl
FFAD : E3 		" "		xthl
FFAE : 00 		" "		nop
FFAF : 00 		" "		nop
FFB0 : D3 F8 		"  "		out	0F8H
FFB2 : C9 		" "		ret
				;
FFB3 : FF 		" "		rst	7
FFB4 : FF 		" "		rst	7
FFB5 : FF 		" "		rst	7
FFB6 : FF 		" "		rst	7
FFB7 : FF 		" "		rst	7
FFB8 : FF 		" "		rst	7
FFB9 : FF 		" "		rst	7
FFBA : FF 		" "		rst	7
FFBB : FF 		" "		rst	7
FFBC : FF 		" "		rst	7
FFBD : FF 		" "		rst	7
FFBE : FF 		" "		rst	7
FFBF : FF 		" "		rst	7
FFC0 : FF 		" "		rst	7
FFC1 : FF 		" "		rst	7
FFC2 : FF 		" "		rst	7
FFC3 : FF 		" "		rst	7
FFC4 : FF 		" "		rst	7
FFC5 : FF 		" "		rst	7
FFC6 : FF 		" "		rst	7
FFC7 : FF 		" "		rst	7
FFC8 : FF 		" "		rst	7
FFC9 : FF 		" "		rst	7
FFCA : FF 		" "		rst	7
FFCB : FF 		" "		rst	7
FFCC : FF 		" "		rst	7
FFCD : FF 		" "		rst	7
FFCE : FF 		" "		rst	7
FFCF : FF 		" "		rst	7
FFD0 : FF 		" "		rst	7
FFD1 : FF 		" "		rst	7
FFD2 : FF 		" "		rst	7
FFD3 : FF 		" "		rst	7
FFD4 : FF 		" "		rst	7
FFD5 : FF 		" "		rst	7
FFD6 : FF 		" "		rst	7
FFD7 : FF 		" "		rst	7
FFD8 : FF 		" "		rst	7
FFD9 : FF 		" "		rst	7
FFDA : FF 		" "		rst	7
FFDB : FF 		" "		rst	7
FFDC : FF 		" "		rst	7
FFDD : FF 		" "		rst	7
FFDE : FF 		" "		rst	7
FFDF : FF 		" "		rst	7
FFE0 : FF 		" "		rst	7
FFE1 : FF 		" "		rst	7
FFE2 : FF 		" "		rst	7
FFE3 : FF 		" "		rst	7
FFE4 : FF 		" "		rst	7
FFE5 : FF 		" "		rst	7
FFE6 : FF 		" "		rst	7
FFE7 : FF 		" "		rst	7
FFE8 : FF 		" "		rst	7
FFE9 : FF 		" "		rst	7
FFEA : FF 		" "		rst	7
FFEB : FF 		" "		rst	7
FFEC : FF 		" "		rst	7
FFED : FF 		" "		rst	7
FFEE : FF 		" "		rst	7
FFEF : FF 		" "		rst	7
FFF0 : FF 		" "		rst	7
FFF1 : FF 		" "		rst	7
FFF2 : FF 		" "		rst	7
FFF3 : FF 		" "		rst	7
FFF4 : FF 		" "		rst	7
FFF5 : FF 		" "		rst	7
FFF6 : FF 		" "		rst	7
FFF7 : FF 		" "		rst	7
FFF8 : FF 		" "		rst	7
FFF9 : FF 		" "		rst	7
FFFA : FF 		" "		rst	7
FFFB : FF 		" "		rst	7
FFFC : FF 		" "		rst	7
FFFD : FF 		" "		rst	7
FFFE : FF 		" "		rst	7
FFFF : FF 		" "		rst	7

;--------------------------------------------------------------
Symbol table
============

Value	Type	Name
-----	----	----
0000	 04	L0000
0004	 04	CPMcurDsk
0008	 04	L0008
0010	 04	L0010
0020	 04	L0020
0028	 04	L0028
0030	 04	L0030
0038	 04	L0038
004A	 04	L004A
004F	 04	X004F
0060	 04	L0060
0081	 04	L0081
00A0	 04	L00A0
223F	 04	X223F
322F	 04	X322F
47CF	 04	L47CF
4FFB	 04	L4FFB
7EF6	 04	L7EF6
B357	 04	sekdsk
B358	 04	sektrk
B35A	 04	seksec
B35B	 04	dmaadr
BE00	 04	r_boot
BE03	 04	r_wboot
BE06	 04	r_constat
BE09	 04	r_conin
BE0C	 04	r_conout
BE0F	 04	r_list
BE12	 04	r_punch
BE15	 04	r_reader
BE18	 04	r_home
BE1B	 04	r_seldsk
BE1E	 04	r_settrk
BE21	 04	r_setsec
BE24	 04	r_setDMA
BE27	 04	r_read
BE2A	 04	r_write
BE2D	 04	r_listst
BE30	 04	r_sectran
BE33	 04	r_somewhere
BE4E	 04	d_netwrk
C000	 04	Boot1
C0AF	 04	dpbase
C0AF	 04	dph_XLT
C0B1	 04	dph_scratch
C0B7	 04	dph_DirBuf
C0B9	 04	dph_DPB
C0BB	 04	dph_CSV
C0BD	 04	dph_ALV
C0BF	 04	dpb_SPT
C0C1	 04	dpb_BSH
C0C2	 04	dpb_BLM
C0C3	 04	dpb_EXM
C0C4	 04	dpb_DSM
C0C6	 04	dpb_DRM
C0C8	 04	dpb_AL0
C0C9	 04	dpb_AL1
C0CA	 04	dpb_CKS
C0CC	 04	dpb_OFF
C100	 04	LatBitmap
C2E4	 04	Mnemonics1
C35D	 04	Mnemonics2
C3C9	 04	Registers2
C3D2	 04	Registers3
C3DE	 04	Registers1
C3E7	 04	Octals
C3F1	 04	Conditions
C580	 04	RusBitmap
C7F0	 04	OutVec
C7F3	 04	InVec
C7F6	 04	LC7F6
C7F7	 04	portNo
C800	 04	LC800
C803	 04	b_smth
C806	 04	XC806
C807	 04	b_Column
C808	 04	b_Row
C809	 04	b_NormInv
C80A	 04	b_crsr
C80D	 04	b_prompt
C819	 04	b_c_img
C81E	 04	XC81E
C820	 04	XC820
C821	 04	b_ESCm
C822	 04	XC822
C824	 04	XC824
C825	 04	booted
C827	 04	XC827
C828	 04	XC828
C82C	 04	s_width
C83F	 04	XC83F
C840	 04	XC840
C900	 04	inBuf
C9C0	 04	t_ScrImg
D02D	 04	t_BIOS
D050	 04	boot
D06D	 04	wboot
D186	 04	mvbc2hl_de
D195	 04	constat
D19E	 04	conin
D1A1	 04	conout
D1B5	 04	listst
D1BE	 04	list
D1DD	 04	reader
D1DF	 04	punch
D1E0	 04	home
D1F0	 04	seldsk
D250	 04	settrk
D264	 04	setsec
D275	 04	sectran
D285	 04	setDMA
D28B	 04	read
D2CB	 04	write
D3D0	 04	t_d_err
D3D8	 04	t_d_rd
D3E1	 04	t_d_wr
D3EA	 04	t_d_drv
D3F2	 04	t_d_trk
D3FB	 04	t_d_sec
D404	 04	t_d_r_i
D41B	 04	DPB0
D42B	 04	DPB1
D43B	 04	DPB2
D44B	 04	DPB3
D5C5	 04	LD5C5
D667	 04	somewhere
DA5C	 04	t_d_chg
DCE9	 04	GetY_N
DDE6	 04	t_d_rot
DDF2	 04	t_d_bc
DE03	 04	t_d_rod
DE0E	 04	t_d_bbk
DE1A	 04	t_d_nc
DE34	 04	t_d_ner
DE46	 04	t_d_con
DE72	 04	t_d_mas
DE91	 04	t_d_cpn
DEAB	 04	bios_vec
DEE8	 04	t_empty
DEE8	 04	bv_end
E997	 04	t_basic
ECF1	 04	LECF1
ECF4	 04	LECF4
ECF7	 04	LECF7
EE59	 04	t_pplay
EE6C	 04	t_pkey
EE84	 04	t_srch
EE8E	 04	t_fndc
EE95	 04	t_ldng
EE9D	 04	t_ldng
EEA7	 04	t_lderr
EEB2	 04	t_vferr
EEBF	 04	t_tok
EEC2	 04	t_prec
EEDE	 04	t_svng
EEE5	 04	t_t_eof
EFEB	 04	t_date
F000	 04	doDump
F082	 04	doList
F0EE	 04	LF0EE
F0FB	 04	LF0FB
F13E	 04	prLine
F174	 04	tapeWrite
F194	 04	tapeRead
F19A	 04	tapeVfy
F1B5	 04	findNonSpc
F1B7	 04	LF1B7
F1BD	 04	txtWidth
F1C5	 04	SetScr48
F1CA	 04	SetScr64
F1CE	 04	LF1CE
F1D6	 04	LF1D6
F1E5	 04	doInText
F1F7	 04	doGo
F1FB	 04	doIn
F224	 04	doOut
F2CA	 04	prAdr
F2D3	 04	prByte
F2E0	 04	prNib
F2F2	 04	doMove
F2F8	 04	doVerify
F32B	 04	LF32B
F358	 04	t_tere
F3D0	 04	LF3D0
F3E7	 04	LF3E7
F3E8	 04	LF3E8
F3EE	 04	LF3EE
F626	 04	LF626
F627	 04	LF627
F6CB	 04	LF6CB
F6D6	 04	LF6D6
F70E	 04	LF70E
F71B	 04	LF71B
F720	 04	LF720
F73E	 04	LF73E
F748	 04	LF748
F759	 04	GetLn
F75B	 04	LF75B
F763	 04	GetLn1
F766	 04	LF766
F7A8	 04	LF7A8
F7B4	 04	SetNor
F7B9	 04	SetInv
F7BE	 04	LF7BE
F7C8	 04	LF7C8
F7D8	 04	LF7D8
F7DF	 04	LF7DF
F7E8	 04	LF7E8
F7FD	 04	LF7FD
F813	 04	LF813
F81C	 04	COut@
F84D	 04	LF84D
F860	 04	LF860
F86A	 04	LF86A
F876	 04	LF876
F881	 04	LF881
F8A0	 04	LF8A0
F8AA	 04	LF8AA
F8B4	 04	LF8B4
F8B9	 04	LF8B9
F8BB	 04	LF8BB
F8C1	 04	LF8C1
F8CE	 04	LF8CE
F900	 04	LF900
F914	 04	LF914
F92A	 04	LF92A
F92F	 04	LF92F
F933	 04	LF933
F947	 04	LF947
F957	 04	LF957
F96D	 04	LF96D
F971	 04	prCRLF
F976	 04	prSpace
F97B	 04	LF97B
F983	 04	LF983
F98F	 04	LF98F
F991	 04	LF991
F999	 04	LF999
F9A0	 04	HomCl
F9B6	 04	LF9B6
F9B8	 04	LF9B8
F9DA	 04	Home
F9EA	 04	Fill
F9F3	 04	Move
F9FB	 04	LF9FB
FA02	 04	mult64
FA09	 04	rowAddr
FA22	 04	doBeep
FA27	 04	LFA27
FA38	 04	wait
FA3B	 04	LFA3B
FA45	 04	RdKey@
FA4C	 04	LFA4C
FA5D	 04	LFA5D
FA6C	 04	LFA6C
FA7D	 04	LFA7D
FA84	 04	LFA84
FA9D	 04	LFA9D
FAA8	 04	LFAA8
FAB8	 04	LFAB8
FACD	 04	LFACD
FAE5	 04	LFAE5
FAEF	 04	LFAEF
FAF3	 04	LFAF3
FB03	 04	Scroll1
FB24	 04	LFB24
FB3B	 04	fl_last
FB51	 04	LFB51
FB65	 04	LFB65
FB70	 04	LFB70
FB9D	 04	LFB9D
FBB4	 04	LFBB4
FBC9	 04	LFBC9
FBE2	 04	LFBE2
FBE6	 04	LFBE6
FBF3	 04	LFBF3
FBF4	 04	LFBF4
FBFF	 04	LFBFF
FC07	 04	LFC07
FC10	 04	LFC10
FC22	 04	LFC22
FC2F	 04	LFC2F
FC33	 04	LFC33
FC4C	 04	LFC4C
FC4E	 04	LFC4E
FC50	 04	CmpBCHL
FC56	 04	LFC56
FC5F	 04	LFC5F
FC68	 04	LFC68
FC75	 04	LFC75
FD24	 04	Out64Col
FD4D	 04	d0Is1
FD54	 04	Col_00
FD63	 04	LFD63
FD6B	 04	LFD6B
FD7A	 04	LFD7A
FD82	 04	LFD82
FD92	 04	LFD92
FD9A	 04	LFD9A
FDAB	 04	LFDAB
FDB3	 04	LFDB3
FDBF	 04	LFDBF
FDC3	 04	LFDC3
FDCC	 04	LFDCC
FDD5	 04	LFDD5
FDDB	 04	LFDDB
FDDD	 04	LFDDD
FDE1	 04	LFDE1
FDE3	 04	LFDE3
FDE9	 04	LFDE9
FDF5	 04	LFDF5
FE7F	 04	LFE7F
FF18	 04	LFF18
FF1E	 04	LFF1E
FF20	 04	LFF20
FF49	 04	LFF49
FF4C	 04	LFF4C
FF4F	 04	LFF4F
FF5A	 04	LFF5A
FF68	 04	LFF68
FF95	 04	LFF95
FF98	 04	LFF98
FF9B	 04	LFF9B

Number of symbols:			323

;--------------------------------------------------------------